Using pre-set license
Built from '2021.3/staging' branch; Version is '2021.3.11f1 (0a5ca18544bf) revision 679073'; Using compiler version '192829333'; Build Type 'Release'
OS: 'Windows 10  (10.0.19044) 64bit Education' Language: 'en' Physical Memory: 16334 MB
BatchMode: 1, IsHumanControllingUs: 0, StartBugReporterOnCrash: 0, Is64bit: 1, IsPro: 1

COMMAND LINE ARGUMENTS:
C:\Program Files\Unity\Hub\Editor\2021.3.11f1\Editor\Unity.exe
-adb2
-batchMode
-noUpm
-name
AssetImportWorker0
-projectPath
C:/Users/Aleksa/Desktop/Unity Projects/Rocket Game
-logFile
Logs/AssetImportWorker0.log
-srvPort
64710
Successfully changed project path to: C:/Users/Aleksa/Desktop/Unity Projects/Rocket Game
C:/Users/Aleksa/Desktop/Unity Projects/Rocket Game
[UnityMemory] Configuration Parameters - Can be set up in boot.config
    "memorysetup-bucket-allocator-granularity=16"
    "memorysetup-bucket-allocator-bucket-count=8"
    "memorysetup-bucket-allocator-block-size=33554432"
    "memorysetup-bucket-allocator-block-count=8"
    "memorysetup-main-allocator-block-size=16777216"
    "memorysetup-thread-allocator-block-size=16777216"
    "memorysetup-gfx-main-allocator-block-size=16777216"
    "memorysetup-gfx-thread-allocator-block-size=16777216"
    "memorysetup-cache-allocator-block-size=4194304"
    "memorysetup-typetree-allocator-block-size=2097152"
    "memorysetup-profiler-bucket-allocator-granularity=16"
    "memorysetup-profiler-bucket-allocator-bucket-count=8"
    "memorysetup-profiler-bucket-allocator-block-size=33554432"
    "memorysetup-profiler-bucket-allocator-block-count=8"
    "memorysetup-profiler-allocator-block-size=16777216"
    "memorysetup-profiler-editor-allocator-block-size=1048576"
    "memorysetup-temp-allocator-size-main=16777216"
    "memorysetup-job-temp-allocator-block-size=2097152"
    "memorysetup-job-temp-allocator-block-size-background=1048576"
    "memorysetup-job-temp-allocator-reduction-small-platforms=262144"
    "memorysetup-temp-allocator-size-background-worker=32768"
    "memorysetup-temp-allocator-size-job-worker=262144"
    "memorysetup-temp-allocator-size-preload-manager=33554432"
    "memorysetup-temp-allocator-size-nav-mesh-worker=65536"
    "memorysetup-temp-allocator-size-audio-worker=65536"
    "memorysetup-temp-allocator-size-cloud-worker=32768"
    "memorysetup-temp-allocator-size-gi-baking-worker=262144"
    "memorysetup-temp-allocator-size-gfx=262144"
Refreshing native plugins compatible for Editor in 96.93 ms, found 3 plugins.
Preloading 0 native plugins for Editor in 0.00 ms.
Initialize engine version: 2021.3.11f1 (0a5ca18544bf)
[Subsystems] Discovering subsystems at path C:/Program Files/Unity/Hub/Editor/2021.3.11f1/Editor/Data/Resources/UnitySubsystems
[Subsystems] Discovering subsystems at path C:/Users/Aleksa/Desktop/Unity Projects/Rocket Game/Assets
GfxDevice: creating device client; threaded=0; jobified=0
Direct3D:
    Version:  Direct3D 11.0 [level 11.1]
    Renderer: NVIDIA GeForce GTX 1050 Ti (ID=0x1c82)
    Vendor:   NVIDIA
    VRAM:     4018 MB
    Driver:   31.0.15.1694
Initialize mono
Mono path[0] = 'C:/Program Files/Unity/Hub/Editor/2021.3.11f1/Editor/Data/Managed'
Mono path[1] = 'C:/Program Files/Unity/Hub/Editor/2021.3.11f1/Editor/Data/MonoBleedingEdge/lib/mono/unityjit-win32'
Mono config path = 'C:/Program Files/Unity/Hub/Editor/2021.3.11f1/Editor/Data/MonoBleedingEdge/etc'
Using monoOptions --debugger-agent=transport=dt_socket,embedding=1,server=y,suspend=n,address=127.0.0.1:56956
Begin MonoManager ReloadAssembly
Registering precompiled unity dll's ...
Register platform support module: C:/Program Files/Unity/Hub/Editor/2021.3.11f1/Editor/Data/PlaybackEngines/WebGLSupport/UnityEditor.WebGL.Extensions.dll
Register platform support module: C:/Program Files/Unity/Hub/Editor/2021.3.11f1/Editor/Data/PlaybackEngines/MacStandaloneSupport/UnityEditor.OSXStandalone.Extensions.dll
Register platform support module: C:/Program Files/Unity/Hub/Editor/2021.3.11f1/Editor/Data/PlaybackEngines/AndroidPlayer/UnityEditor.Android.Extensions.dll
Register platform support module: C:/Program Files/Unity/Hub/Editor/2021.3.11f1/Editor/Data/PlaybackEngines/iOSSupport/UnityEditor.iOS.Extensions.dll
Register platform support module: C:/Program Files/Unity/Hub/Editor/2021.3.11f1/Editor/Data/PlaybackEngines/AppleTVSupport/UnityEditor.AppleTV.Extensions.dll
Register platform support module: C:/Program Files/Unity/Hub/Editor/2021.3.11f1/Editor/Data/PlaybackEngines/WindowsStandaloneSupport/UnityEditor.WindowsStandalone.Extensions.dll
Register platform support module: C:/Program Files/Unity/Hub/Editor/2021.3.11f1/Editor/Data/PlaybackEngines/LinuxStandaloneSupport/UnityEditor.LinuxStandalone.Extensions.dll
Register platform support module: C:/Program Files/Unity/Hub/Editor/2021.3.11f1/Editor/Data/PlaybackEngines/MetroSupport/UnityEditor.UWP.Extensions.dll
Registered in 0.019907 seconds.
Native extension for UWP target not found
Native extension for LinuxStandalone target not found
Native extension for WindowsStandalone target not found
[usbmuxd] Start listen thread
[usbmuxd] Listen thread started
[usbmuxd] Send listen message
Native extension for AppleTV target not found
[usbmuxd] Start listen thread
[usbmuxd] Listen thread started
[usbmuxd] Send listen message
Native extension for iOS target not found
Native extension for Android target not found
Native extension for OSXStandalone target not found
Native extension for WebGL target not found
Refreshing native plugins compatible for Editor in 121.65 ms, found 3 plugins.
Preloading 0 native plugins for Editor in 0.00 ms.
Mono: successfully reloaded assembly
- Completed reload, in  0.895 seconds
Domain Reload Profiling:
	ReloadAssembly (895ms)
		BeginReloadAssembly (88ms)
			ExecutionOrderSort (0ms)
			DisableScriptedObjects (0ms)
			BackupInstance (0ms)
			ReleaseScriptingObjects (0ms)
			CreateAndSetChildDomain (1ms)
		EndReloadAssembly (651ms)
			LoadAssemblies (88ms)
			RebuildTransferFunctionScriptingTraits (0ms)
			SetupTypeCache (139ms)
			ReleaseScriptCaches (0ms)
			RebuildScriptCaches (32ms)
			SetupLoadedEditorAssemblies (412ms)
				LogAssemblyErrors (0ms)
				InitializePlatformSupportModulesInManaged (98ms)
				SetLoadedEditorAssemblies (0ms)
				RefreshPlugins (122ms)
				BeforeProcessingInitializeOnLoad (3ms)
				ProcessInitializeOnLoadAttributes (131ms)
				ProcessInitializeOnLoadMethodAttributes (58ms)
				AfterProcessingInitializeOnLoad (0ms)
				EditorAssembliesLoaded (0ms)
			ExecutionOrderSort2 (0ms)
			AwakeInstancesAfterBackupRestoration (0ms)
Platform modules already initialized, skipping
Registering precompiled user dll's ...
Registered in 0.008459 seconds.
Begin MonoManager ReloadAssembly
Symbol file LoadedFromMemory doesn't match image C:\Users\Aleksa\Desktop\Unity Projects\Rocket Game\Library\PackageCache\com.unity.visualscripting@1.7.8\Editor\VisualScripting.Core\Dependencies\YamlDotNet\Unity.VisualScripting.YamlDotNet.dll
Symbol file LoadedFromMemory doesn't match image C:\Users\Aleksa\Desktop\Unity Projects\Rocket Game\Library\PackageCache\com.unity.visualscripting@1.7.8\Editor\VisualScripting.Core\Dependencies\DotNetZip\Unity.VisualScripting.IonicZip.dll
Native extension for UWP target not found
Native extension for LinuxStandalone target not found
Native extension for WindowsStandalone target not found
Native extension for AppleTV target not found
Native extension for iOS target not found
Native extension for Android target not found
Native extension for OSXStandalone target not found
Native extension for WebGL target not found
Refreshing native plugins compatible for Editor in 0.65 ms, found 3 plugins.
Preloading 0 native plugins for Editor in 0.00 ms.
Mono: successfully reloaded assembly
- Completed reload, in  1.771 seconds
Domain Reload Profiling:
	ReloadAssembly (1772ms)
		BeginReloadAssembly (252ms)
			ExecutionOrderSort (0ms)
			DisableScriptedObjects (8ms)
			BackupInstance (0ms)
			ReleaseScriptingObjects (0ms)
			CreateAndSetChildDomain (137ms)
		EndReloadAssembly (1356ms)
			LoadAssemblies (110ms)
			RebuildTransferFunctionScriptingTraits (0ms)
			SetupTypeCache (450ms)
			ReleaseScriptCaches (1ms)
			RebuildScriptCaches (74ms)
			SetupLoadedEditorAssemblies (647ms)
				LogAssemblyErrors (0ms)
				InitializePlatformSupportModulesInManaged (55ms)
				SetLoadedEditorAssemblies (1ms)
				RefreshPlugins (1ms)
				BeforeProcessingInitializeOnLoad (115ms)
				ProcessInitializeOnLoadAttributes (397ms)
				ProcessInitializeOnLoadMethodAttributes (64ms)
				AfterProcessingInitializeOnLoad (14ms)
				EditorAssembliesLoaded (0ms)
			ExecutionOrderSort2 (0ms)
			AwakeInstancesAfterBackupRestoration (11ms)
Platform modules already initialized, skipping
========================================================================
Worker process is ready to serve import requests
Launched and connected shader compiler UnityShaderCompiler.exe after 0.12 seconds
Refreshing native plugins compatible for Editor in 1.76 ms, found 3 plugins.
Preloading 0 native plugins for Editor in 0.00 ms.
Unloading 3543 Unused Serialized files (Serialized files now loaded: 0)
Unloading 40 unused Assets / (184.1 KB). Loaded Objects now: 4002.
Memory consumption went from 122.4 MB to 122.2 MB.
Total: 5.232500 ms (FindLiveObjects: 0.491000 ms CreateObjectMapping: 0.182800 ms MarkObjects: 4.373600 ms  DeleteObjects: 0.183900 ms)

AssetImportParameters requested are different than current active one (requested -> active):
  custom:video-decoder-ogg-theora: a1e56fd34408186e4bbccfd4996cb3dc -> 
  custom:container-muxer-webm: aa71ff27fc2769a1b78a27578f13a17b -> 
  custom:container-demuxer-webm: 4f35f7cbe854078d1ac9338744f61a02 -> 
  custom:video-encoder-webm-vp8: eb34c28f22e8b96e1ab97ce403110664 -> 
  custom:audio-encoder-webm-vorbis: bf7c407c2cedff20999df2af8eb42d56 -> 
  custom:framework-win-MediaFoundation: 216162199b28c13a410421893ffa2e32 -> 
  custom:container-demuxer-ogg: 62fdf1f143b41e24485cea50d1cbac27 -> 
  custom:video-decoder-webm-vp8: 9c59270c3fd7afecdb556c50c9e8de78 -> 
  custom:audio-decoder-ogg-vorbis: bf7c407c2cedff20999df2af8eb42d56 -> 
========================================================================
Received Import Request.
  Time since last request: 497208.065994 seconds.
  path: Assets/FX_Kandol_Pack/FX_effect_sprite_image01
  artifactKey: Guid(7c79455c25548ac48998379d50d05a17) Importer(815301076,1909f56bfc062723c751e8b465ee728b)
Start importing Assets/FX_Kandol_Pack/FX_effect_sprite_image01 using Guid(7c79455c25548ac48998379d50d05a17) Importer(815301076,1909f56bfc062723c751e8b465ee728b)  -> (artifact id: '44c3c47a3b65922b69208312df7a0d84') in 0.010450 seconds 
========================================================================
Received Import Request.
  Time since last request: 0.000031 seconds.
  path: Assets/FX_Kandol_Pack/FX_effect_sprite_image01/fx_fumefx
  artifactKey: Guid(453271efaa63ae142a11fb48c5112867) Importer(815301076,1909f56bfc062723c751e8b465ee728b)
Start importing Assets/FX_Kandol_Pack/FX_effect_sprite_image01/fx_fumefx using Guid(453271efaa63ae142a11fb48c5112867) Importer(815301076,1909f56bfc062723c751e8b465ee728b)  -> (artifact id: '179204f5f91b3f1e32ae0fee154af67e') in 0.002372 seconds 
========================================================================
Received Import Request.
  Time since last request: 0.000036 seconds.
  path: Assets/FX_Kandol_Pack/FX_effect_sprite_image01/fx_fumefx/Prefabs/fx_fumefx_boom_02.prefab
  artifactKey: Guid(28d68317de2270f45bf4093e6b2a53eb) Importer(815301076,1909f56bfc062723c751e8b465ee728b)
Start importing Assets/FX_Kandol_Pack/FX_effect_sprite_image01/fx_fumefx/Prefabs/fx_fumefx_boom_02.prefab using Guid(28d68317de2270f45bf4093e6b2a53eb) Importer(815301076,1909f56bfc062723c751e8b465ee728b)  -> (artifact id: 'cc76f1a13cc2b70382fd2ecd4c95ceb9') in 0.190672 seconds 
========================================================================
Received Import Request.
  Time since last request: 0.000024 seconds.
  path: Assets/FX_Kandol_Pack/FX_effect_sprite_image01/fx_fumefx/Materials/fx_fumefx_a.mat
  artifactKey: Guid(2f5d774e4f5fba545bf5caad0f2e4d7a) Importer(815301076,1909f56bfc062723c751e8b465ee728b)
Start importing Assets/FX_Kandol_Pack/FX_effect_sprite_image01/fx_fumefx/Materials/fx_fumefx_a.mat using Guid(2f5d774e4f5fba545bf5caad0f2e4d7a) Importer(815301076,1909f56bfc062723c751e8b465ee728b)  -> (artifact id: '3cc1340c90ae4f2d6044dff3831f7b83') in 0.071868 seconds 
========================================================================
Received Import Request.
  Time since last request: 1.717876 seconds.
  path: Assets/FX_Kandol_Pack/FX_effect_sprite_image01/fx_fumefx/Materials/fx_fumefx_b.mat
  artifactKey: Guid(002e01f534cdfb14bb6e77f10dc6168c) Importer(815301076,1909f56bfc062723c751e8b465ee728b)
Start importing Assets/FX_Kandol_Pack/FX_effect_sprite_image01/fx_fumefx/Materials/fx_fumefx_b.mat using Guid(002e01f534cdfb14bb6e77f10dc6168c) Importer(815301076,1909f56bfc062723c751e8b465ee728b)  -> (artifact id: 'c9d3ceb1fd13d3b8b7f2006d86565702') in 0.009228 seconds 
========================================================================
Received Import Request.
  Time since last request: 0.743116 seconds.
  path: Assets/FX_Kandol_Pack/FX_effect_sprite_image01/fx_fumefx/Materials/fx_fumefx_c.mat
  artifactKey: Guid(41391dadaa0e6ab409b7306c4276446b) Importer(815301076,1909f56bfc062723c751e8b465ee728b)
Start importing Assets/FX_Kandol_Pack/FX_effect_sprite_image01/fx_fumefx/Materials/fx_fumefx_c.mat using Guid(41391dadaa0e6ab409b7306c4276446b) Importer(815301076,1909f56bfc062723c751e8b465ee728b)  -> (artifact id: '890222cf331d912c0cfc9f029635b961') in 0.011893 seconds 
========================================================================
Received Import Request.
  Time since last request: 162.212744 seconds.
  path: Assets/FX_Kandol_Pack/FX_effect_sprite_image01/FX_fire_effects_free/Prefabs/fx_fire_ball_b.prefab
  artifactKey: Guid(fabdd45f98921b547b28c84c0818d2a4) Importer(815301076,1909f56bfc062723c751e8b465ee728b)
Start importing Assets/FX_Kandol_Pack/FX_effect_sprite_image01/FX_fire_effects_free/Prefabs/fx_fire_ball_b.prefab using Guid(fabdd45f98921b547b28c84c0818d2a4) Importer(815301076,1909f56bfc062723c751e8b465ee728b)  -> (artifact id: '792a5e17642f0e27b6f33084e4535ba4') in 0.011722 seconds 
========================================================================
Received Import Request.
  Time since last request: 0.000029 seconds.
  path: Assets/FX_Kandol_Pack/FX_effect_sprite_image01/FX_fire_effects_free/Prefabs/fx_fire_ball_bbb.prefab
  artifactKey: Guid(158e34f943d2d564ca6ddfab52fe1525) Importer(815301076,1909f56bfc062723c751e8b465ee728b)
Start importing Assets/FX_Kandol_Pack/FX_effect_sprite_image01/FX_fire_effects_free/Prefabs/fx_fire_ball_bbb.prefab using Guid(158e34f943d2d564ca6ddfab52fe1525) Importer(815301076,1909f56bfc062723c751e8b465ee728b)  -> (artifact id: '24c0d2bc0bd191833aea33057e71cafd') in 0.010985 seconds 
========================================================================
Received Import Request.
  Time since last request: 0.000019 seconds.
  path: Assets/FX_Kandol_Pack/FX_effect_sprite_image01/FX_fire_effects_free/Prefabs/fx_fire_cartoon_a.prefab
  artifactKey: Guid(21342c7dc356c904a9286a3cb1275f8f) Importer(815301076,1909f56bfc062723c751e8b465ee728b)
Start importing Assets/FX_Kandol_Pack/FX_effect_sprite_image01/FX_fire_effects_free/Prefabs/fx_fire_cartoon_a.prefab using Guid(21342c7dc356c904a9286a3cb1275f8f) Importer(815301076,1909f56bfc062723c751e8b465ee728b)  -> (artifact id: '1f32911c78b31777a804923fe1d86e91') in 0.010776 seconds 
========================================================================
Received Import Request.
  Time since last request: 27.748120 seconds.
  path: Assets/FX_Kandol_Pack/FX_effect_sprite_image01/FX_fire_effects_free/Textures/fx_fire/fx_fire_ball_bb.png
  artifactKey: Guid(cb3fb03fdf2bd2742a1c7d98a89b3d5c) Importer(815301076,1909f56bfc062723c751e8b465ee728b)
Start importing Assets/FX_Kandol_Pack/FX_effect_sprite_image01/FX_fire_effects_free/Textures/fx_fire/fx_fire_ball_bb.png using Guid(cb3fb03fdf2bd2742a1c7d98a89b3d5c) Importer(815301076,1909f56bfc062723c751e8b465ee728b)  -> (artifact id: '89473eff017aa6047705d10ff470baee') in 0.050028 seconds 
========================================================================
Received Import Request.
  Time since last request: 0.000113 seconds.
  path: Assets/FX_Kandol_Pack/FX_effect_sprite_image01/FX_fire_effects_free/Textures/fx_fire/fx_fire_cartoon_a.png
  artifactKey: Guid(3c5b0012faf1d2d45ba20b2b0d0c47eb) Importer(815301076,1909f56bfc062723c751e8b465ee728b)
Start importing Assets/FX_Kandol_Pack/FX_effect_sprite_image01/FX_fire_effects_free/Textures/fx_fire/fx_fire_cartoon_a.png using Guid(3c5b0012faf1d2d45ba20b2b0d0c47eb) Importer(815301076,1909f56bfc062723c751e8b465ee728b)  -> (artifact id: '890dbebeb3f318e1aedd61e7a8168c66') in 0.011836 seconds 
Editor requested this worker to shutdown with reason: Scaling down because of idle timeout
AssetImportWorker is now disconnected from the server
Process exiting
Exiting without the bug reporter. Application will terminate with return code 0