Using pre-set license
Built from '2021.3/staging' branch; Version is '2021.3.11f1 (0a5ca18544bf) revision 679073'; Using compiler version '192829333'; Build Type 'Release'
OS: 'Windows 10  (10.0.19044) 64bit Education' Language: 'en' Physical Memory: 16334 MB
BatchMode: 1, IsHumanControllingUs: 0, StartBugReporterOnCrash: 0, Is64bit: 1, IsPro: 1

COMMAND LINE ARGUMENTS:
C:\Program Files\Unity\Hub\Editor\2021.3.11f1\Editor\Unity.exe
-adb2
-batchMode
-noUpm
-name
AssetImportWorker8
-projectPath
C:/Users/Aleksa/Desktop/Unity Projects/Rocket Game
-logFile
Logs/AssetImportWorker8.log
-srvPort
64710
Successfully changed project path to: C:/Users/Aleksa/Desktop/Unity Projects/Rocket Game
C:/Users/Aleksa/Desktop/Unity Projects/Rocket Game
[UnityMemory] Configuration Parameters - Can be set up in boot.config
    "memorysetup-bucket-allocator-granularity=16"
    "memorysetup-bucket-allocator-bucket-count=8"
    "memorysetup-bucket-allocator-block-size=33554432"
    "memorysetup-bucket-allocator-block-count=8"
    "memorysetup-main-allocator-block-size=16777216"
    "memorysetup-thread-allocator-block-size=16777216"
    "memorysetup-gfx-main-allocator-block-size=16777216"
    "memorysetup-gfx-thread-allocator-block-size=16777216"
    "memorysetup-cache-allocator-block-size=4194304"
    "memorysetup-typetree-allocator-block-size=2097152"
    "memorysetup-profiler-bucket-allocator-granularity=16"
    "memorysetup-profiler-bucket-allocator-bucket-count=8"
    "memorysetup-profiler-bucket-allocator-block-size=33554432"
    "memorysetup-profiler-bucket-allocator-block-count=8"
    "memorysetup-profiler-allocator-block-size=16777216"
    "memorysetup-profiler-editor-allocator-block-size=1048576"
    "memorysetup-temp-allocator-size-main=16777216"
    "memorysetup-job-temp-allocator-block-size=2097152"
    "memorysetup-job-temp-allocator-block-size-background=1048576"
    "memorysetup-job-temp-allocator-reduction-small-platforms=262144"
    "memorysetup-temp-allocator-size-background-worker=32768"
    "memorysetup-temp-allocator-size-job-worker=262144"
    "memorysetup-temp-allocator-size-preload-manager=33554432"
    "memorysetup-temp-allocator-size-nav-mesh-worker=65536"
    "memorysetup-temp-allocator-size-audio-worker=65536"
    "memorysetup-temp-allocator-size-cloud-worker=32768"
    "memorysetup-temp-allocator-size-gi-baking-worker=262144"
    "memorysetup-temp-allocator-size-gfx=262144"
Refreshing native plugins compatible for Editor in 116.05 ms, found 3 plugins.
Preloading 0 native plugins for Editor in 0.00 ms.
Initialize engine version: 2021.3.11f1 (0a5ca18544bf)
[Subsystems] Discovering subsystems at path C:/Program Files/Unity/Hub/Editor/2021.3.11f1/Editor/Data/Resources/UnitySubsystems
[Subsystems] Discovering subsystems at path C:/Users/Aleksa/Desktop/Unity Projects/Rocket Game/Assets
GfxDevice: creating device client; threaded=0; jobified=0
Direct3D:
    Version:  Direct3D 11.0 [level 11.1]
    Renderer: NVIDIA GeForce GTX 1050 Ti (ID=0x1c82)
    Vendor:   NVIDIA
    VRAM:     4018 MB
    Driver:   31.0.15.1694
Initialize mono
Mono path[0] = 'C:/Program Files/Unity/Hub/Editor/2021.3.11f1/Editor/Data/Managed'
Mono path[1] = 'C:/Program Files/Unity/Hub/Editor/2021.3.11f1/Editor/Data/MonoBleedingEdge/lib/mono/unityjit-win32'
Mono config path = 'C:/Program Files/Unity/Hub/Editor/2021.3.11f1/Editor/Data/MonoBleedingEdge/etc'
Using monoOptions --debugger-agent=transport=dt_socket,embedding=1,server=y,suspend=n,address=127.0.0.1:56764
Begin MonoManager ReloadAssembly
Registering precompiled unity dll's ...
Register platform support module: C:/Program Files/Unity/Hub/Editor/2021.3.11f1/Editor/Data/PlaybackEngines/WebGLSupport/UnityEditor.WebGL.Extensions.dll
Register platform support module: C:/Program Files/Unity/Hub/Editor/2021.3.11f1/Editor/Data/PlaybackEngines/MacStandaloneSupport/UnityEditor.OSXStandalone.Extensions.dll
Register platform support module: C:/Program Files/Unity/Hub/Editor/2021.3.11f1/Editor/Data/PlaybackEngines/AndroidPlayer/UnityEditor.Android.Extensions.dll
Register platform support module: C:/Program Files/Unity/Hub/Editor/2021.3.11f1/Editor/Data/PlaybackEngines/iOSSupport/UnityEditor.iOS.Extensions.dll
Register platform support module: C:/Program Files/Unity/Hub/Editor/2021.3.11f1/Editor/Data/PlaybackEngines/AppleTVSupport/UnityEditor.AppleTV.Extensions.dll
Register platform support module: C:/Program Files/Unity/Hub/Editor/2021.3.11f1/Editor/Data/PlaybackEngines/WindowsStandaloneSupport/UnityEditor.WindowsStandalone.Extensions.dll
Register platform support module: C:/Program Files/Unity/Hub/Editor/2021.3.11f1/Editor/Data/PlaybackEngines/LinuxStandaloneSupport/UnityEditor.LinuxStandalone.Extensions.dll
Register platform support module: C:/Program Files/Unity/Hub/Editor/2021.3.11f1/Editor/Data/PlaybackEngines/MetroSupport/UnityEditor.UWP.Extensions.dll
Registered in 0.015626 seconds.
Native extension for UWP target not found
Native extension for LinuxStandalone target not found
Native extension for WindowsStandalone target not found
[usbmuxd] Start listen thread
[usbmuxd] Listen thread started
[usbmuxd] Send listen message
Native extension for AppleTV target not found
[usbmuxd] Start listen thread
[usbmuxd] Listen thread started
[usbmuxd] Send listen message
Native extension for iOS target not found
Native extension for Android target not found
Native extension for OSXStandalone target not found
Native extension for WebGL target not found
Refreshing native plugins compatible for Editor in 102.65 ms, found 3 plugins.
Preloading 0 native plugins for Editor in 0.00 ms.
Mono: successfully reloaded assembly
- Completed reload, in  0.884 seconds
Domain Reload Profiling:
	ReloadAssembly (885ms)
		BeginReloadAssembly (104ms)
			ExecutionOrderSort (0ms)
			DisableScriptedObjects (0ms)
			BackupInstance (0ms)
			ReleaseScriptingObjects (0ms)
			CreateAndSetChildDomain (1ms)
		EndReloadAssembly (629ms)
			LoadAssemblies (103ms)
			RebuildTransferFunctionScriptingTraits (0ms)
			SetupTypeCache (136ms)
			ReleaseScriptCaches (0ms)
			RebuildScriptCaches (32ms)
			SetupLoadedEditorAssemblies (396ms)
				LogAssemblyErrors (0ms)
				InitializePlatformSupportModulesInManaged (99ms)
				SetLoadedEditorAssemblies (0ms)
				RefreshPlugins (103ms)
				BeforeProcessingInitializeOnLoad (2ms)
				ProcessInitializeOnLoadAttributes (134ms)
				ProcessInitializeOnLoadMethodAttributes (58ms)
				AfterProcessingInitializeOnLoad (0ms)
				EditorAssembliesLoaded (0ms)
			ExecutionOrderSort2 (0ms)
			AwakeInstancesAfterBackupRestoration (0ms)
Platform modules already initialized, skipping
Registering precompiled user dll's ...
Registered in 0.006718 seconds.
Begin MonoManager ReloadAssembly
Symbol file LoadedFromMemory doesn't match image C:\Users\Aleksa\Desktop\Unity Projects\Rocket Game\Library\PackageCache\com.unity.visualscripting@1.7.8\Editor\VisualScripting.Core\Dependencies\YamlDotNet\Unity.VisualScripting.YamlDotNet.dll
Symbol file LoadedFromMemory doesn't match image C:\Users\Aleksa\Desktop\Unity Projects\Rocket Game\Library\PackageCache\com.unity.visualscripting@1.7.8\Editor\VisualScripting.Core\Dependencies\DotNetZip\Unity.VisualScripting.IonicZip.dll
Native extension for UWP target not found
Native extension for LinuxStandalone target not found
Native extension for WindowsStandalone target not found
Native extension for AppleTV target not found
Native extension for iOS target not found
Native extension for Android target not found
Native extension for OSXStandalone target not found
Native extension for WebGL target not found
Refreshing native plugins compatible for Editor in 0.70 ms, found 3 plugins.
Preloading 0 native plugins for Editor in 0.00 ms.
Mono: successfully reloaded assembly
- Completed reload, in  1.519 seconds
Domain Reload Profiling:
	ReloadAssembly (1520ms)
		BeginReloadAssembly (247ms)
			ExecutionOrderSort (0ms)
			DisableScriptedObjects (8ms)
			BackupInstance (0ms)
			ReleaseScriptingObjects (0ms)
			CreateAndSetChildDomain (129ms)
		EndReloadAssembly (1101ms)
			LoadAssemblies (106ms)
			RebuildTransferFunctionScriptingTraits (0ms)
			SetupTypeCache (330ms)
			ReleaseScriptCaches (1ms)
			RebuildScriptCaches (67ms)
			SetupLoadedEditorAssemblies (552ms)
				LogAssemblyErrors (0ms)
				InitializePlatformSupportModulesInManaged (44ms)
				SetLoadedEditorAssemblies (1ms)
				RefreshPlugins (1ms)
				BeforeProcessingInitializeOnLoad (118ms)
				ProcessInitializeOnLoadAttributes (342ms)
				ProcessInitializeOnLoadMethodAttributes (37ms)
				AfterProcessingInitializeOnLoad (9ms)
				EditorAssembliesLoaded (0ms)
			ExecutionOrderSort2 (0ms)
			AwakeInstancesAfterBackupRestoration (7ms)
Platform modules already initialized, skipping
========================================================================
Worker process is ready to serve import requests
Launched and connected shader compiler UnityShaderCompiler.exe after 0.06 seconds
Refreshing native plugins compatible for Editor in 0.69 ms, found 3 plugins.
Preloading 0 native plugins for Editor in 0.00 ms.
Unloading 3544 Unused Serialized files (Serialized files now loaded: 0)
Unloading 40 unused Assets / (184.1 KB). Loaded Objects now: 4005.
Memory consumption went from 122.8 MB to 122.6 MB.
Total: 4.098400 ms (FindLiveObjects: 0.427300 ms CreateObjectMapping: 0.130300 ms MarkObjects: 3.388900 ms  DeleteObjects: 0.150300 ms)

AssetImportParameters requested are different than current active one (requested -> active):
  custom:video-decoder-ogg-theora: a1e56fd34408186e4bbccfd4996cb3dc -> 
  custom:container-muxer-webm: aa71ff27fc2769a1b78a27578f13a17b -> 
  custom:container-demuxer-webm: 4f35f7cbe854078d1ac9338744f61a02 -> 
  custom:video-encoder-webm-vp8: eb34c28f22e8b96e1ab97ce403110664 -> 
  custom:audio-encoder-webm-vorbis: bf7c407c2cedff20999df2af8eb42d56 -> 
  custom:framework-win-MediaFoundation: 216162199b28c13a410421893ffa2e32 -> 
  custom:container-demuxer-ogg: 62fdf1f143b41e24485cea50d1cbac27 -> 
  custom:video-decoder-webm-vp8: 9c59270c3fd7afecdb556c50c9e8de78 -> 
  custom:audio-decoder-ogg-vorbis: bf7c407c2cedff20999df2af8eb42d56 -> 
========================================================================
Received Import Request.
  Time since last request: 503183.524989 seconds.
  path: Assets/Cyberpunk Material Pack/Textures
  artifactKey: Guid(891d1d8672daed647aad85fe928e0e05) Importer(815301076,1909f56bfc062723c751e8b465ee728b)
Start importing Assets/Cyberpunk Material Pack/Textures using Guid(891d1d8672daed647aad85fe928e0e05) Importer(815301076,1909f56bfc062723c751e8b465ee728b)  -> (artifact id: 'a318ecd3511ede7855acaa3182afac28') in 0.008333 seconds 
========================================================================
Received Import Request.
  Time since last request: 0.778628 seconds.
  path: Assets/Cyberpunk Material Pack/Textures/cyberpunk_1
  artifactKey: Guid(5e85cbfae8182d7498285c7d63b6e90e) Importer(815301076,1909f56bfc062723c751e8b465ee728b)
Start importing Assets/Cyberpunk Material Pack/Textures/cyberpunk_1 using Guid(5e85cbfae8182d7498285c7d63b6e90e) Importer(815301076,1909f56bfc062723c751e8b465ee728b)  -> (artifact id: '5fac85b9e0a8110fad094794cdb1587a') in 0.002109 seconds 
========================================================================
Received Import Request.
  Time since last request: 0.049830 seconds.
  path: Assets/Cyberpunk Material Pack/Textures/cyberpunk_1/6x6_tex_BaseMap.png
  artifactKey: Guid(8d00cc0f501f81a449e2d60bf127b89a) Importer(815301076,1909f56bfc062723c751e8b465ee728b)
Start importing Assets/Cyberpunk Material Pack/Textures/cyberpunk_1/6x6_tex_BaseMap.png using Guid(8d00cc0f501f81a449e2d60bf127b89a) Importer(815301076,1909f56bfc062723c751e8b465ee728b)  -> (artifact id: '4bdea53b48c07e81ce5663fd3dbe8f73') in 0.151014 seconds 
========================================================================
Received Import Request.
  Time since last request: 6.277060 seconds.
  path: Assets/Cyberpunk Material Pack/Textures/cyberpunk_1/Materials
  artifactKey: Guid(d237c0d2cd2eddc4ca56720998f30838) Importer(815301076,1909f56bfc062723c751e8b465ee728b)
Start importing Assets/Cyberpunk Material Pack/Textures/cyberpunk_1/Materials using Guid(d237c0d2cd2eddc4ca56720998f30838) Importer(815301076,1909f56bfc062723c751e8b465ee728b)  -> (artifact id: 'ab3020eb446be527c94451fa436cf443') in 0.001830 seconds 
========================================================================
Received Import Request.
  Time since last request: 0.076229 seconds.
  path: Assets/Cyberpunk Material Pack/Textures/cyberpunk_1/Materials/6x6_tex_BaseMap.mat
  artifactKey: Guid(ec70f4d3e88a6d8499f985b1b493cec6) Importer(815301076,1909f56bfc062723c751e8b465ee728b)
Start importing Assets/Cyberpunk Material Pack/Textures/cyberpunk_1/Materials/6x6_tex_BaseMap.mat using Guid(ec70f4d3e88a6d8499f985b1b493cec6) Importer(815301076,1909f56bfc062723c751e8b465ee728b)  -> (artifact id: '81a7d6e12b2863b7abb0c21b481ffa77') in 0.096839 seconds 
========================================================================
Received Import Request.
  Time since last request: 46.322459 seconds.
  path: Assets/Cyberpunk Material Pack/Scenes
  artifactKey: Guid(1f6c56a2662a451488fa1df7efd53290) Importer(815301076,1909f56bfc062723c751e8b465ee728b)
Start importing Assets/Cyberpunk Material Pack/Scenes using Guid(1f6c56a2662a451488fa1df7efd53290) Importer(815301076,1909f56bfc062723c751e8b465ee728b)  -> (artifact id: '05ae27d2755a0fc70233a2b5cfc09105') in 0.001895 seconds 
========================================================================
Received Import Request.
  Time since last request: 0.880966 seconds.
  path: Assets/Cyberpunk Material Pack/Scenes/CyberpunkMaterialPack_Demo.unity
  artifactKey: Guid(09c811578c029c748a6a313590b8cd04) Importer(815301076,1909f56bfc062723c751e8b465ee728b)
Start importing Assets/Cyberpunk Material Pack/Scenes/CyberpunkMaterialPack_Demo.unity using Guid(09c811578c029c748a6a313590b8cd04) Importer(815301076,1909f56bfc062723c751e8b465ee728b)  -> (artifact id: '62335222d375883929b12f19d27a9681') in 0.002191 seconds 
========================================================================
Received Import Request.
  Time since last request: 13.474272 seconds.
  path: Assets/Cyberpunk Material Pack/Scenes/CyberpunkMaterialPack_Demo
  artifactKey: Guid(b83485f9e7dd3de4fb2cfb5bc4e65b8f) Importer(815301076,1909f56bfc062723c751e8b465ee728b)
Start importing Assets/Cyberpunk Material Pack/Scenes/CyberpunkMaterialPack_Demo using Guid(b83485f9e7dd3de4fb2cfb5bc4e65b8f) Importer(815301076,1909f56bfc062723c751e8b465ee728b)  -> (artifact id: '42c4d17777485d789c40945a8873150e') in 0.002184 seconds 
========================================================================
Received Import Request.
  Time since last request: 0.065581 seconds.
  path: Assets/Cyberpunk Material Pack/Scenes/CyberpunkMaterialPack_Demo/GameObject Profile.asset
  artifactKey: Guid(4da0c64d76ee4c646827f24d0bef6562) Importer(815301076,1909f56bfc062723c751e8b465ee728b)
Start importing Assets/Cyberpunk Material Pack/Scenes/CyberpunkMaterialPack_Demo/GameObject Profile.asset using Guid(4da0c64d76ee4c646827f24d0bef6562) Importer(815301076,1909f56bfc062723c751e8b465ee728b)  -> (artifact id: '0e63b6802685b7fab8033873bf1201cb') in 0.006624 seconds 
========================================================================
Received Import Request.
  Time since last request: 0.000034 seconds.
  path: Assets/Cyberpunk Material Pack/Scenes/CyberpunkMaterialPack_Demo/Lightmap-0_comp_shadowmask.png
  artifactKey: Guid(db0204d66f22e1e4996534d07ba00a19) Importer(815301076,1909f56bfc062723c751e8b465ee728b)
Start importing Assets/Cyberpunk Material Pack/Scenes/CyberpunkMaterialPack_Demo/Lightmap-0_comp_shadowmask.png using Guid(db0204d66f22e1e4996534d07ba00a19) Importer(815301076,1909f56bfc062723c751e8b465ee728b)  -> (artifact id: 'ced71b8d8ae26acc85415085409cbb38') in 0.013173 seconds 
========================================================================
Received Import Request.
  Time since last request: 0.000031 seconds.
  path: Assets/Cyberpunk Material Pack/Scenes/CyberpunkMaterialPack_Demo/Lightmap-0_comp_light.exr
  artifactKey: Guid(1619881eb8f3e9040803c6756c3832c8) Importer(815301076,1909f56bfc062723c751e8b465ee728b)
Start importing Assets/Cyberpunk Material Pack/Scenes/CyberpunkMaterialPack_Demo/Lightmap-0_comp_light.exr using Guid(1619881eb8f3e9040803c6756c3832c8) Importer(815301076,1909f56bfc062723c751e8b465ee728b)  -> (artifact id: '22856aa9e6ba8244729ca4e013f46b4f') in 0.030434 seconds 
========================================================================
Received Import Request.
  Time since last request: 0.000040 seconds.
  path: Assets/Cyberpunk Material Pack/Scenes/CyberpunkMaterialPack_Demo/Lightmap-1_comp_shadowmask.png
  artifactKey: Guid(2c54b5d21452b984e9505b26634f5265) Importer(815301076,1909f56bfc062723c751e8b465ee728b)
Start importing Assets/Cyberpunk Material Pack/Scenes/CyberpunkMaterialPack_Demo/Lightmap-1_comp_shadowmask.png using Guid(2c54b5d21452b984e9505b26634f5265) Importer(815301076,1909f56bfc062723c751e8b465ee728b)  -> (artifact id: '54a0c8ac9ab17e3623f22f642c5222f9') in 0.010422 seconds 
========================================================================
Received Import Request.
  Time since last request: 138.519687 seconds.
  path: Assets/AssetPacks
  artifactKey: Guid(7ffa8f1a60e8c864b98a1d8602ad00f9) Importer(815301076,1909f56bfc062723c751e8b465ee728b)
Start importing Assets/AssetPacks using Guid(7ffa8f1a60e8c864b98a1d8602ad00f9) Importer(815301076,1909f56bfc062723c751e8b465ee728b)  -> (artifact id: '4a0c4c85af2fcee9560ce6b37ccb0d4a') in 0.002211 seconds 
========================================================================
Received Import Request.
  Time since last request: 0.728380 seconds.
  path: Assets/AssetPacks/Greeble_Materials
  artifactKey: Guid(a1d179c5dab46e84580c1deaa40d25bf) Importer(815301076,1909f56bfc062723c751e8b465ee728b)
Start importing Assets/AssetPacks/Greeble_Materials using Guid(a1d179c5dab46e84580c1deaa40d25bf) Importer(815301076,1909f56bfc062723c751e8b465ee728b)  -> (artifact id: 'c047dfd356dbf67b470c27e06dd97f13') in 0.002325 seconds 
========================================================================
Received Import Request.
  Time since last request: 1.351904 seconds.
  path: Assets/AssetPacks/Greeble_Materials/Materials
  artifactKey: Guid(0e617e31bcf573d4fac4db949ee741f0) Importer(815301076,1909f56bfc062723c751e8b465ee728b)
Start importing Assets/AssetPacks/Greeble_Materials/Materials using Guid(0e617e31bcf573d4fac4db949ee741f0) Importer(815301076,1909f56bfc062723c751e8b465ee728b)  -> (artifact id: '46c87baf10b6dfe6941715f426c7d2cf') in 0.001759 seconds 
========================================================================
Received Import Request.
  Time since last request: 0.061182 seconds.
  path: Assets/AssetPacks/Greeble_Materials/Materials/Greeble_Material_1.mat
  artifactKey: Guid(177eedfecce819a44bf6a2d06fad8b92) Importer(815301076,1909f56bfc062723c751e8b465ee728b)
Start importing Assets/AssetPacks/Greeble_Materials/Materials/Greeble_Material_1.mat using Guid(177eedfecce819a44bf6a2d06fad8b92) Importer(815301076,1909f56bfc062723c751e8b465ee728b)  -> (artifact id: 'a836f3904a71c70c22d31d228c6aaf0d') in 0.590213 seconds 
========================================================================
Received Import Request.
  Time since last request: 0.000041 seconds.
  path: Assets/AssetPacks/Greeble_Materials/Materials/Greeble_Material_Windows.mat
  artifactKey: Guid(baf1681aef84ec941a8e73e750c85917) Importer(815301076,1909f56bfc062723c751e8b465ee728b)
Start importing Assets/AssetPacks/Greeble_Materials/Materials/Greeble_Material_Windows.mat using Guid(baf1681aef84ec941a8e73e750c85917) Importer(815301076,1909f56bfc062723c751e8b465ee728b)  -> (artifact id: '372de987b9d0ef77c2578f7f176565a9') in 0.212547 seconds 
========================================================================
Received Import Request.
  Time since last request: 31.010880 seconds.
  path: Assets/AssetPacks/Greeble_Materials/Textures/Greeble_Material_1_Diffuse.png
  artifactKey: Guid(f871bda57e153ca4fb58a046f5ad7ce5) Importer(815301076,1909f56bfc062723c751e8b465ee728b)
Start importing Assets/AssetPacks/Greeble_Materials/Textures/Greeble_Material_1_Diffuse.png using Guid(f871bda57e153ca4fb58a046f5ad7ce5) Importer(815301076,1909f56bfc062723c751e8b465ee728b)  -> (artifact id: '94c6a6c5f7dd7d5f2eb2220b88cc0c60') in 0.018923 seconds 
========================================================================
Received Import Request.
  Time since last request: 0.000044 seconds.
  path: Assets/AssetPacks/Greeble_Materials/Textures/Greeble_material_2_Metal.png
  artifactKey: Guid(9a1abe8ff820e114cb2df49b9674c317) Importer(815301076,1909f56bfc062723c751e8b465ee728b)
Start importing Assets/AssetPacks/Greeble_Materials/Textures/Greeble_material_2_Metal.png using Guid(9a1abe8ff820e114cb2df49b9674c317) Importer(815301076,1909f56bfc062723c751e8b465ee728b)  -> (artifact id: '4073e9220aedf3f19c1dddeac62f0316') in 0.012549 seconds 
========================================================================
Received Import Request.
  Time since last request: 0.000082 seconds.
  path: Assets/AssetPacks/Greeble_Materials/Textures/Greeble_Material_1_Normal.png
  artifactKey: Guid(71bd05269e77d2f4c8ed33cc8fa809d5) Importer(815301076,1909f56bfc062723c751e8b465ee728b)
Start importing Assets/AssetPacks/Greeble_Materials/Textures/Greeble_Material_1_Normal.png using Guid(71bd05269e77d2f4c8ed33cc8fa809d5) Importer(815301076,1909f56bfc062723c751e8b465ee728b)  -> (artifact id: '07a325da200b95b91b4589c158e25cec') in 0.029891 seconds 
========================================================================
Received Import Request.
  Time since last request: 0.000042 seconds.
  path: Assets/AssetPacks/Greeble_Materials/Textures/Greeble_material_2_Height.png
  artifactKey: Guid(1ea86182774d39248aabbb89f2cc5797) Importer(815301076,1909f56bfc062723c751e8b465ee728b)
Start importing Assets/AssetPacks/Greeble_Materials/Textures/Greeble_material_2_Height.png using Guid(1ea86182774d39248aabbb89f2cc5797) Importer(815301076,1909f56bfc062723c751e8b465ee728b)  -> (artifact id: 'a7db04f5ea016ee238c20c480bc1ae83') in 0.016463 seconds 
========================================================================
Received Import Request.
  Time since last request: 0.000022 seconds.
  path: Assets/AssetPacks/Greeble_Materials/Textures/Greeble_Material_1_Occlusion.png
  artifactKey: Guid(efbde37a9710c944db9179998b5ab7a8) Importer(815301076,1909f56bfc062723c751e8b465ee728b)
Start importing Assets/AssetPacks/Greeble_Materials/Textures/Greeble_Material_1_Occlusion.png using Guid(efbde37a9710c944db9179998b5ab7a8) Importer(815301076,1909f56bfc062723c751e8b465ee728b)  -> (artifact id: '059cf003c23d01b6d9de2ffdf6dbc8a0') in 0.017113 seconds 
========================================================================
Received Import Request.
  Time since last request: 0.000035 seconds.
  path: Assets/AssetPacks/Greeble_Materials/Textures/Greeble_material_2_Diffuse.png
  artifactKey: Guid(6df068b94bf3ab8448c3321a747ee865) Importer(815301076,1909f56bfc062723c751e8b465ee728b)
Start importing Assets/AssetPacks/Greeble_Materials/Textures/Greeble_material_2_Diffuse.png using Guid(6df068b94bf3ab8448c3321a747ee865) Importer(815301076,1909f56bfc062723c751e8b465ee728b)  -> (artifact id: 'ddd81c53de846a9968fb9caf955ba962') in 0.013569 seconds 
========================================================================
Received Import Request.
  Time since last request: 0.000033 seconds.
  path: Assets/AssetPacks/Greeble_Materials/Textures/Greeble_Materials_Windows_Occlusion.png
  artifactKey: Guid(49b982bec8bf59b4191974394811445c) Importer(815301076,1909f56bfc062723c751e8b465ee728b)
Start importing Assets/AssetPacks/Greeble_Materials/Textures/Greeble_Materials_Windows_Occlusion.png using Guid(49b982bec8bf59b4191974394811445c) Importer(815301076,1909f56bfc062723c751e8b465ee728b)  -> (artifact id: 'b4e5f2d4e21a007fc9044761a5abbd8a') in 0.028329 seconds 
========================================================================
Received Import Request.
  Time since last request: 0.000033 seconds.
  path: Assets/AssetPacks/Greeble_Materials/Textures/Greeble_material_2_Occlusion.png
  artifactKey: Guid(34b74caf7e74972468bbd349ee419876) Importer(815301076,1909f56bfc062723c751e8b465ee728b)
Start importing Assets/AssetPacks/Greeble_Materials/Textures/Greeble_material_2_Occlusion.png using Guid(34b74caf7e74972468bbd349ee419876) Importer(815301076,1909f56bfc062723c751e8b465ee728b)  -> (artifact id: 'bbc1753e5dee578fb242ae56a03ed4df') in 0.014136 seconds 
========================================================================
Received Import Request.
  Time since last request: 0.000033 seconds.
  path: Assets/AssetPacks/Greeble_Materials/Textures/Greeble_Materials_Windows_Height.png
  artifactKey: Guid(26ad391d6554d3541af2c3bdfd85fafc) Importer(815301076,1909f56bfc062723c751e8b465ee728b)
Start importing Assets/AssetPacks/Greeble_Materials/Textures/Greeble_Materials_Windows_Height.png using Guid(26ad391d6554d3541af2c3bdfd85fafc) Importer(815301076,1909f56bfc062723c751e8b465ee728b)  -> (artifact id: '5f8228df3365dec23969ac33eaa1daa7') in 0.028884 seconds 
========================================================================
Received Import Request.
  Time since last request: 0.000030 seconds.
  path: Assets/AssetPacks/Greeble_Materials/Textures/Greeble_Materials_Windows_Diffuse.png
  artifactKey: Guid(543ebb901e83ea246bbb15935bd6d939) Importer(815301076,1909f56bfc062723c751e8b465ee728b)
Start importing Assets/AssetPacks/Greeble_Materials/Textures/Greeble_Materials_Windows_Diffuse.png using Guid(543ebb901e83ea246bbb15935bd6d939) Importer(815301076,1909f56bfc062723c751e8b465ee728b)  -> (artifact id: '63bac1cc456a9892929990315d93bd71') in 0.026033 seconds 
========================================================================
Received Import Request.
  Time since last request: 0.000059 seconds.
  path: Assets/AssetPacks/Greeble_Materials/Textures/Greeble_material_2_Normal.png
  artifactKey: Guid(9b48cfe1255f5ff4eadcb822275e5af2) Importer(815301076,1909f56bfc062723c751e8b465ee728b)
Start importing Assets/AssetPacks/Greeble_Materials/Textures/Greeble_material_2_Normal.png using Guid(9b48cfe1255f5ff4eadcb822275e5af2) Importer(815301076,1909f56bfc062723c751e8b465ee728b)  -> (artifact id: 'a704cbc5425a7d5ddd172d094db7425a') in 0.013252 seconds 
Editor requested this worker to shutdown with reason: Scaling down because of idle timeout
AssetImportWorker is now disconnected from the server
Process exiting
Exiting without the bug reporter. Application will terminate with return code 0