Using pre-set license
Built from '2021.3/staging' branch; Version is '2021.3.11f1 (0a5ca18544bf) revision 679073'; Using compiler version '192829333'; Build Type 'Release'
OS: 'Windows 10  (10.0.19044) 64bit Education' Language: 'en' Physical Memory: 16334 MB
BatchMode: 1, IsHumanControllingUs: 0, StartBugReporterOnCrash: 0, Is64bit: 1, IsPro: 1

COMMAND LINE ARGUMENTS:
C:\Program Files\Unity\Hub\Editor\2021.3.11f1\Editor\Unity.exe
-adb2
-batchMode
-noUpm
-name
AssetImportWorker2
-projectPath
C:/Users/Aleksa/Desktop/Unity Projects/Rocket Game
-logFile
Logs/AssetImportWorker2.log
-srvPort
64710
Successfully changed project path to: C:/Users/Aleksa/Desktop/Unity Projects/Rocket Game
C:/Users/Aleksa/Desktop/Unity Projects/Rocket Game
[UnityMemory] Configuration Parameters - Can be set up in boot.config
    "memorysetup-bucket-allocator-granularity=16"
    "memorysetup-bucket-allocator-bucket-count=8"
    "memorysetup-bucket-allocator-block-size=33554432"
    "memorysetup-bucket-allocator-block-count=8"
    "memorysetup-main-allocator-block-size=16777216"
    "memorysetup-thread-allocator-block-size=16777216"
    "memorysetup-gfx-main-allocator-block-size=16777216"
    "memorysetup-gfx-thread-allocator-block-size=16777216"
    "memorysetup-cache-allocator-block-size=4194304"
    "memorysetup-typetree-allocator-block-size=2097152"
    "memorysetup-profiler-bucket-allocator-granularity=16"
    "memorysetup-profiler-bucket-allocator-bucket-count=8"
    "memorysetup-profiler-bucket-allocator-block-size=33554432"
    "memorysetup-profiler-bucket-allocator-block-count=8"
    "memorysetup-profiler-allocator-block-size=16777216"
    "memorysetup-profiler-editor-allocator-block-size=1048576"
    "memorysetup-temp-allocator-size-main=16777216"
    "memorysetup-job-temp-allocator-block-size=2097152"
    "memorysetup-job-temp-allocator-block-size-background=1048576"
    "memorysetup-job-temp-allocator-reduction-small-platforms=262144"
    "memorysetup-temp-allocator-size-background-worker=32768"
    "memorysetup-temp-allocator-size-job-worker=262144"
    "memorysetup-temp-allocator-size-preload-manager=33554432"
    "memorysetup-temp-allocator-size-nav-mesh-worker=65536"
    "memorysetup-temp-allocator-size-audio-worker=65536"
    "memorysetup-temp-allocator-size-cloud-worker=32768"
    "memorysetup-temp-allocator-size-gi-baking-worker=262144"
    "memorysetup-temp-allocator-size-gfx=262144"
Refreshing native plugins compatible for Editor in 102.20 ms, found 3 plugins.
Preloading 0 native plugins for Editor in 0.00 ms.
Initialize engine version: 2021.3.11f1 (0a5ca18544bf)
[Subsystems] Discovering subsystems at path C:/Program Files/Unity/Hub/Editor/2021.3.11f1/Editor/Data/Resources/UnitySubsystems
[Subsystems] Discovering subsystems at path C:/Users/Aleksa/Desktop/Unity Projects/Rocket Game/Assets
GfxDevice: creating device client; threaded=0; jobified=0
Direct3D:
    Version:  Direct3D 11.0 [level 11.1]
    Renderer: NVIDIA GeForce GTX 1050 Ti (ID=0x1c82)
    Vendor:   NVIDIA
    VRAM:     4018 MB
    Driver:   31.0.15.1694
Initialize mono
Mono path[0] = 'C:/Program Files/Unity/Hub/Editor/2021.3.11f1/Editor/Data/Managed'
Mono path[1] = 'C:/Program Files/Unity/Hub/Editor/2021.3.11f1/Editor/Data/MonoBleedingEdge/lib/mono/unityjit-win32'
Mono config path = 'C:/Program Files/Unity/Hub/Editor/2021.3.11f1/Editor/Data/MonoBleedingEdge/etc'
Using monoOptions --debugger-agent=transport=dt_socket,embedding=1,server=y,suspend=n,address=127.0.0.1:56996
Begin MonoManager ReloadAssembly
Registering precompiled unity dll's ...
Register platform support module: C:/Program Files/Unity/Hub/Editor/2021.3.11f1/Editor/Data/PlaybackEngines/WebGLSupport/UnityEditor.WebGL.Extensions.dll
Register platform support module: C:/Program Files/Unity/Hub/Editor/2021.3.11f1/Editor/Data/PlaybackEngines/MacStandaloneSupport/UnityEditor.OSXStandalone.Extensions.dll
Register platform support module: C:/Program Files/Unity/Hub/Editor/2021.3.11f1/Editor/Data/PlaybackEngines/AndroidPlayer/UnityEditor.Android.Extensions.dll
Register platform support module: C:/Program Files/Unity/Hub/Editor/2021.3.11f1/Editor/Data/PlaybackEngines/iOSSupport/UnityEditor.iOS.Extensions.dll
Register platform support module: C:/Program Files/Unity/Hub/Editor/2021.3.11f1/Editor/Data/PlaybackEngines/AppleTVSupport/UnityEditor.AppleTV.Extensions.dll
Register platform support module: C:/Program Files/Unity/Hub/Editor/2021.3.11f1/Editor/Data/PlaybackEngines/WindowsStandaloneSupport/UnityEditor.WindowsStandalone.Extensions.dll
Register platform support module: C:/Program Files/Unity/Hub/Editor/2021.3.11f1/Editor/Data/PlaybackEngines/LinuxStandaloneSupport/UnityEditor.LinuxStandalone.Extensions.dll
Register platform support module: C:/Program Files/Unity/Hub/Editor/2021.3.11f1/Editor/Data/PlaybackEngines/MetroSupport/UnityEditor.UWP.Extensions.dll
Registered in 0.023558 seconds.
Native extension for UWP target not found
Native extension for LinuxStandalone target not found
Native extension for WindowsStandalone target not found
[usbmuxd] Start listen thread
[usbmuxd] Listen thread started
[usbmuxd] Send listen message
Native extension for AppleTV target not found
[usbmuxd] Start listen thread
[usbmuxd] Listen thread started
[usbmuxd] Send listen message
Native extension for iOS target not found
Native extension for Android target not found
Native extension for OSXStandalone target not found
Native extension for WebGL target not found
Refreshing native plugins compatible for Editor in 127.45 ms, found 3 plugins.
Preloading 0 native plugins for Editor in 0.00 ms.
Mono: successfully reloaded assembly
- Completed reload, in  1.033 seconds
Domain Reload Profiling:
	ReloadAssembly (1034ms)
		BeginReloadAssembly (102ms)
			ExecutionOrderSort (0ms)
			DisableScriptedObjects (0ms)
			BackupInstance (0ms)
			ReleaseScriptingObjects (0ms)
			CreateAndSetChildDomain (1ms)
		EndReloadAssembly (766ms)
			LoadAssemblies (101ms)
			RebuildTransferFunctionScriptingTraits (0ms)
			SetupTypeCache (149ms)
			ReleaseScriptCaches (0ms)
			RebuildScriptCaches (33ms)
			SetupLoadedEditorAssemblies (513ms)
				LogAssemblyErrors (0ms)
				InitializePlatformSupportModulesInManaged (111ms)
				SetLoadedEditorAssemblies (0ms)
				RefreshPlugins (128ms)
				BeforeProcessingInitializeOnLoad (2ms)
				ProcessInitializeOnLoadAttributes (193ms)
				ProcessInitializeOnLoadMethodAttributes (79ms)
				AfterProcessingInitializeOnLoad (0ms)
				EditorAssembliesLoaded (0ms)
			ExecutionOrderSort2 (0ms)
			AwakeInstancesAfterBackupRestoration (0ms)
Platform modules already initialized, skipping
Registering precompiled user dll's ...
Registered in 0.007212 seconds.
Begin MonoManager ReloadAssembly
Symbol file LoadedFromMemory doesn't match image C:\Users\Aleksa\Desktop\Unity Projects\Rocket Game\Library\PackageCache\com.unity.visualscripting@1.7.8\Editor\VisualScripting.Core\Dependencies\YamlDotNet\Unity.VisualScripting.YamlDotNet.dll
Symbol file LoadedFromMemory doesn't match image C:\Users\Aleksa\Desktop\Unity Projects\Rocket Game\Library\PackageCache\com.unity.visualscripting@1.7.8\Editor\VisualScripting.Core\Dependencies\DotNetZip\Unity.VisualScripting.IonicZip.dll
Native extension for UWP target not found
Native extension for LinuxStandalone target not found
Native extension for WindowsStandalone target not found
Native extension for AppleTV target not found
Native extension for iOS target not found
Native extension for Android target not found
Native extension for OSXStandalone target not found
Native extension for WebGL target not found
Refreshing native plugins compatible for Editor in 0.57 ms, found 3 plugins.
Preloading 0 native plugins for Editor in 0.00 ms.
Mono: successfully reloaded assembly
- Completed reload, in  1.588 seconds
Domain Reload Profiling:
	ReloadAssembly (1589ms)
		BeginReloadAssembly (250ms)
			ExecutionOrderSort (0ms)
			DisableScriptedObjects (9ms)
			BackupInstance (0ms)
			ReleaseScriptingObjects (0ms)
			CreateAndSetChildDomain (128ms)
		EndReloadAssembly (1174ms)
			LoadAssemblies (106ms)
			RebuildTransferFunctionScriptingTraits (0ms)
			SetupTypeCache (392ms)
			ReleaseScriptCaches (1ms)
			RebuildScriptCaches (67ms)
			SetupLoadedEditorAssemblies (560ms)
				LogAssemblyErrors (0ms)
				InitializePlatformSupportModulesInManaged (44ms)
				SetLoadedEditorAssemblies (1ms)
				RefreshPlugins (1ms)
				BeforeProcessingInitializeOnLoad (118ms)
				ProcessInitializeOnLoadAttributes (351ms)
				ProcessInitializeOnLoadMethodAttributes (35ms)
				AfterProcessingInitializeOnLoad (10ms)
				EditorAssembliesLoaded (0ms)
			ExecutionOrderSort2 (0ms)
			AwakeInstancesAfterBackupRestoration (8ms)
Platform modules already initialized, skipping
========================================================================
Worker process is ready to serve import requests
Launched and connected shader compiler UnityShaderCompiler.exe after 0.06 seconds
Refreshing native plugins compatible for Editor in 1.48 ms, found 3 plugins.
Preloading 0 native plugins for Editor in 0.00 ms.
Unloading 3543 Unused Serialized files (Serialized files now loaded: 0)
Unloading 40 unused Assets / (184.1 KB). Loaded Objects now: 4002.
Memory consumption went from 122.4 MB to 122.2 MB.
Total: 3.937100 ms (FindLiveObjects: 0.341700 ms CreateObjectMapping: 0.109400 ms MarkObjects: 3.347000 ms  DeleteObjects: 0.137900 ms)

AssetImportParameters requested are different than current active one (requested -> active):
  custom:video-decoder-ogg-theora: a1e56fd34408186e4bbccfd4996cb3dc -> 
  custom:container-muxer-webm: aa71ff27fc2769a1b78a27578f13a17b -> 
  custom:container-demuxer-webm: 4f35f7cbe854078d1ac9338744f61a02 -> 
  custom:video-encoder-webm-vp8: eb34c28f22e8b96e1ab97ce403110664 -> 
  custom:audio-encoder-webm-vorbis: bf7c407c2cedff20999df2af8eb42d56 -> 
  custom:framework-win-MediaFoundation: 216162199b28c13a410421893ffa2e32 -> 
  custom:container-demuxer-ogg: 62fdf1f143b41e24485cea50d1cbac27 -> 
  custom:video-decoder-webm-vp8: 9c59270c3fd7afecdb556c50c9e8de78 -> 
  custom:audio-decoder-ogg-vorbis: bf7c407c2cedff20999df2af8eb42d56 -> 
========================================================================
Received Import Request.
  Time since last request: 497211.506335 seconds.
  path: Assets/FX_Kandol_Pack/FX_effect_sprite_image01/fx_fumefx/Textures/Materials/fx_explosion.mat
  artifactKey: Guid(d799d0930b771e741bcf23b503c96fba) Importer(815301076,1909f56bfc062723c751e8b465ee728b)
Start importing Assets/FX_Kandol_Pack/FX_effect_sprite_image01/fx_fumefx/Textures/Materials/fx_explosion.mat using Guid(d799d0930b771e741bcf23b503c96fba) Importer(815301076,1909f56bfc062723c751e8b465ee728b)  -> (artifact id: '5887ad435c8b6b53b0ddf377d437fb92') in 0.191686 seconds 
========================================================================
Received Import Request.
  Time since last request: 0.000034 seconds.
  path: Assets/FX_Kandol_Pack/FX_effect_sprite_image01/fx_fumefx/Prefabs/fx_fumefx_fireball.prefab
  artifactKey: Guid(5d0cd99dda746cd4b857f2df1031679e) Importer(815301076,1909f56bfc062723c751e8b465ee728b)
Start importing Assets/FX_Kandol_Pack/FX_effect_sprite_image01/fx_fumefx/Prefabs/fx_fumefx_fireball.prefab using Guid(5d0cd99dda746cd4b857f2df1031679e) Importer(815301076,1909f56bfc062723c751e8b465ee728b)  -> (artifact id: 'a3d8d243227fdd661e22ae162762bd50') in 0.046644 seconds 
========================================================================
Received Import Request.
  Time since last request: 160.148458 seconds.
  path: Assets/FX_Kandol_Pack/FX_effect_sprite_image01/FX_fire_effects_free
  artifactKey: Guid(464453a7f3de1884b9ce82ea5c02c919) Importer(815301076,1909f56bfc062723c751e8b465ee728b)
Start importing Assets/FX_Kandol_Pack/FX_effect_sprite_image01/FX_fire_effects_free using Guid(464453a7f3de1884b9ce82ea5c02c919) Importer(815301076,1909f56bfc062723c751e8b465ee728b)  -> (artifact id: '1bc93c4083c066cf6d4fe0d4ab69a1fa') in 0.002310 seconds 
========================================================================
Received Import Request.
  Time since last request: 1.089390 seconds.
  path: Assets/FX_Kandol_Pack/FX_effect_sprite_image01/FX_fire_effects_free/Prefabs
  artifactKey: Guid(c822e9426197b4040b7174d1ce5f802c) Importer(815301076,1909f56bfc062723c751e8b465ee728b)
Start importing Assets/FX_Kandol_Pack/FX_effect_sprite_image01/FX_fire_effects_free/Prefabs using Guid(c822e9426197b4040b7174d1ce5f802c) Importer(815301076,1909f56bfc062723c751e8b465ee728b)  -> (artifact id: '7725cb89ba039ab4e19cde60fbc1bbd5') in 0.001664 seconds 
========================================================================
Received Import Request.
  Time since last request: 0.066319 seconds.
  path: Assets/FX_Kandol_Pack/FX_effect_sprite_image01/FX_fire_effects_free/Prefabs/fx_fire_a.prefab
  artifactKey: Guid(e1e6a88ec533ebd4bb02cc28a77b8ab4) Importer(815301076,1909f56bfc062723c751e8b465ee728b)
Start importing Assets/FX_Kandol_Pack/FX_effect_sprite_image01/FX_fire_effects_free/Prefabs/fx_fire_a.prefab using Guid(e1e6a88ec533ebd4bb02cc28a77b8ab4) Importer(815301076,1909f56bfc062723c751e8b465ee728b)  -> (artifact id: '8ea0eb4a375a5d68b8d17e59b7370522') in 0.012540 seconds 
========================================================================
Received Import Request.
  Time since last request: 0.000026 seconds.
  path: Assets/FX_Kandol_Pack/FX_effect_sprite_image01/FX_fire_effects_free/Prefabs/fx_fire_g.prefab
  artifactKey: Guid(f766cb0ed6750804ebf9a931fb5412f2) Importer(815301076,1909f56bfc062723c751e8b465ee728b)
Start importing Assets/FX_Kandol_Pack/FX_effect_sprite_image01/FX_fire_effects_free/Prefabs/fx_fire_g.prefab using Guid(f766cb0ed6750804ebf9a931fb5412f2) Importer(815301076,1909f56bfc062723c751e8b465ee728b)  -> (artifact id: '322f398949f0c34daba4466e219fa967') in 0.009564 seconds 
========================================================================
Received Import Request.
  Time since last request: 0.000025 seconds.
  path: Assets/FX_Kandol_Pack/FX_effect_sprite_image01/FX_fire_effects_free/Prefabs/fx_fire_ball_bb.prefab
  artifactKey: Guid(4cbb34f609dafad4586aaa018b8c2ba0) Importer(815301076,1909f56bfc062723c751e8b465ee728b)
Start importing Assets/FX_Kandol_Pack/FX_effect_sprite_image01/FX_fire_effects_free/Prefabs/fx_fire_ball_bb.prefab using Guid(4cbb34f609dafad4586aaa018b8c2ba0) Importer(815301076,1909f56bfc062723c751e8b465ee728b)  -> (artifact id: 'b241a75a70bcec2866fe7e0fe26d5c52') in 0.010815 seconds 
========================================================================
Received Import Request.
  Time since last request: 27.748549 seconds.
  path: Assets/FX_Kandol_Pack/FX_effect_sprite_image01/FX_fire_effects_free/Textures/fx_fire/fx_fire_ball_b.png
  artifactKey: Guid(fe247d80be9535d438b572eff07e2a16) Importer(815301076,1909f56bfc062723c751e8b465ee728b)
Start importing Assets/FX_Kandol_Pack/FX_effect_sprite_image01/FX_fire_effects_free/Textures/fx_fire/fx_fire_ball_b.png using Guid(fe247d80be9535d438b572eff07e2a16) Importer(815301076,1909f56bfc062723c751e8b465ee728b)  -> (artifact id: '974d087d997ef7b0b828fbfaaf7aa96c') in 0.050590 seconds 
========================================================================
Received Import Request.
  Time since last request: 0.000030 seconds.
  path: Assets/FX_Kandol_Pack/FX_effect_sprite_image01/FX_fire_effects_free/Textures/fx_fire/fx_fire_g.png
  artifactKey: Guid(97b0f924f71eb934abbf606b2dc94275) Importer(815301076,1909f56bfc062723c751e8b465ee728b)
Start importing Assets/FX_Kandol_Pack/FX_effect_sprite_image01/FX_fire_effects_free/Textures/fx_fire/fx_fire_g.png using Guid(97b0f924f71eb934abbf606b2dc94275) Importer(815301076,1909f56bfc062723c751e8b465ee728b)  -> (artifact id: '7d8926cea6a23ba3834590000fc81dc6') in 0.011133 seconds 
========================================================================
Received Import Request.
  Time since last request: 0.000031 seconds.
  path: Assets/FX_Kandol_Pack/FX_effect_sprite_image01/FX_fire_effects_free/Textures/fx_fire/fx_fire_ball_bbb.png
  artifactKey: Guid(51da0b528a6b14946a2eb9f4d9cc0c25) Importer(815301076,1909f56bfc062723c751e8b465ee728b)
Start importing Assets/FX_Kandol_Pack/FX_effect_sprite_image01/FX_fire_effects_free/Textures/fx_fire/fx_fire_ball_bbb.png using Guid(51da0b528a6b14946a2eb9f4d9cc0c25) Importer(815301076,1909f56bfc062723c751e8b465ee728b)  -> (artifact id: '0ccca6bf48e41b573d2d23e85d589df1') in 0.010472 seconds 
========================================================================
Received Import Request.
  Time since last request: 97.327158 seconds.
  path: Assets/FX_Kandol_Pack/FX_effect_sprite_image01/FX_fire_effects_free/Prefabs/fx_fire_ball_b.prefab
  artifactKey: Guid(fabdd45f98921b547b28c84c0818d2a4) Importer(815301076,1909f56bfc062723c751e8b465ee728b)
Start importing Assets/FX_Kandol_Pack/FX_effect_sprite_image01/FX_fire_effects_free/Prefabs/fx_fire_ball_b.prefab using Guid(fabdd45f98921b547b28c84c0818d2a4) Importer(815301076,1909f56bfc062723c751e8b465ee728b)  -> (artifact id: '7f1cfbbf6fa7739d28c3fd14007ab9cd') in 0.013419 seconds 
========================================================================
Received Import Request.
  Time since last request: 0.000057 seconds.
  path: Assets/FX_Kandol_Pack/FX_effect_sprite_image01/FX_fire_effects_free/Prefabs/fx_fire_ball_bbb.prefab
  artifactKey: Guid(158e34f943d2d564ca6ddfab52fe1525) Importer(815301076,1909f56bfc062723c751e8b465ee728b)
Start importing Assets/FX_Kandol_Pack/FX_effect_sprite_image01/FX_fire_effects_free/Prefabs/fx_fire_ball_bbb.prefab using Guid(158e34f943d2d564ca6ddfab52fe1525) Importer(815301076,1909f56bfc062723c751e8b465ee728b)  -> (artifact id: '1026b76b8766b5ab108fbd4ec745c304') in 0.013073 seconds 
========================================================================
Received Import Request.
  Time since last request: 0.000033 seconds.
  path: Assets/FX_Kandol_Pack/FX_effect_sprite_image01/FX_fire_effects_free/Prefabs/fx_fire_g.prefab
  artifactKey: Guid(f766cb0ed6750804ebf9a931fb5412f2) Importer(815301076,1909f56bfc062723c751e8b465ee728b)
Start importing Assets/FX_Kandol_Pack/FX_effect_sprite_image01/FX_fire_effects_free/Prefabs/fx_fire_g.prefab using Guid(f766cb0ed6750804ebf9a931fb5412f2) Importer(815301076,1909f56bfc062723c751e8b465ee728b)  -> (artifact id: '2830e293b391be5958838edf1fd5ccf0') in 0.011016 seconds 
========================================================================
Received Import Request.
  Time since last request: 0.000032 seconds.
  path: Assets/FX_Kandol_Pack/FX_effect_sprite_image01/FX_fire_effects_free/Prefabs/fx_fire_ball_bb.prefab
  artifactKey: Guid(4cbb34f609dafad4586aaa018b8c2ba0) Importer(815301076,1909f56bfc062723c751e8b465ee728b)
Start importing Assets/FX_Kandol_Pack/FX_effect_sprite_image01/FX_fire_effects_free/Prefabs/fx_fire_ball_bb.prefab using Guid(4cbb34f609dafad4586aaa018b8c2ba0) Importer(815301076,1909f56bfc062723c751e8b465ee728b)  -> (artifact id: '3b80ee47b0c0cb0006101149d91bda3e') in 0.011614 seconds 
========================================================================
Received Import Request.
  Time since last request: 0.000035 seconds.
  path: Assets/FX_Kandol_Pack/FX_effect_sprite_image01/FX_fire_effects_free/Prefabs/fx_fire_cartoon_a.prefab
  artifactKey: Guid(21342c7dc356c904a9286a3cb1275f8f) Importer(815301076,1909f56bfc062723c751e8b465ee728b)
Start importing Assets/FX_Kandol_Pack/FX_effect_sprite_image01/FX_fire_effects_free/Prefabs/fx_fire_cartoon_a.prefab using Guid(21342c7dc356c904a9286a3cb1275f8f) Importer(815301076,1909f56bfc062723c751e8b465ee728b)  -> (artifact id: '0cc62346ffbbb8d74e1a81c3f54c2f84') in 0.010237 seconds 
========================================================================
Received Prepare
Registering precompiled user dll's ...
Registered in 0.006777 seconds.
Begin MonoManager ReloadAssembly
Symbol file LoadedFromMemory doesn't match image C:\Users\Aleksa\Desktop\Unity Projects\Rocket Game\Library\PackageCache\com.unity.visualscripting@1.7.8\Editor\VisualScripting.Core\Dependencies\YamlDotNet\Unity.VisualScripting.YamlDotNet.dll
Symbol file LoadedFromMemory doesn't match image C:\Users\Aleksa\Desktop\Unity Projects\Rocket Game\Library\PackageCache\com.unity.visualscripting@1.7.8\Editor\VisualScripting.Core\Dependencies\DotNetZip\Unity.VisualScripting.IonicZip.dll
Native extension for UWP target not found
Native extension for LinuxStandalone target not found
Native extension for WindowsStandalone target not found
Native extension for AppleTV target not found
Native extension for iOS target not found
Native extension for Android target not found
Native extension for OSXStandalone target not found
Native extension for WebGL target not found
Refreshing native plugins compatible for Editor in 0.72 ms, found 3 plugins.
Preloading 0 native plugins for Editor in 0.00 ms.
Mono: successfully reloaded assembly
- Completed reload, in  1.561 seconds
Domain Reload Profiling:
	ReloadAssembly (1562ms)
		BeginReloadAssembly (226ms)
			ExecutionOrderSort (0ms)
			DisableScriptedObjects (7ms)
			BackupInstance (0ms)
			ReleaseScriptingObjects (0ms)
			CreateAndSetChildDomain (82ms)
		EndReloadAssembly (1193ms)
			LoadAssemblies (130ms)
			RebuildTransferFunctionScriptingTraits (0ms)
			SetupTypeCache (388ms)
			ReleaseScriptCaches (2ms)
			RebuildScriptCaches (58ms)
			SetupLoadedEditorAssemblies (566ms)
				LogAssemblyErrors (0ms)
				InitializePlatformSupportModulesInManaged (64ms)
				SetLoadedEditorAssemblies (1ms)
				RefreshPlugins (1ms)
				BeforeProcessingInitializeOnLoad (112ms)
				ProcessInitializeOnLoadAttributes (336ms)
				ProcessInitializeOnLoadMethodAttributes (41ms)
				AfterProcessingInitializeOnLoad (11ms)
				EditorAssembliesLoaded (0ms)
			ExecutionOrderSort2 (0ms)
			AwakeInstancesAfterBackupRestoration (7ms)
Platform modules already initialized, skipping
Refreshing native plugins compatible for Editor in 2.96 ms, found 3 plugins.
Preloading 0 native plugins for Editor in 0.00 ms.
Unloading 3538 Unused Serialized files (Serialized files now loaded: 0)
Unloading 22 unused Assets / (176.7 KB). Loaded Objects now: 4061.
Memory consumption went from 126.9 MB to 126.8 MB.
Total: 4.437300 ms (FindLiveObjects: 0.439200 ms CreateObjectMapping: 0.183000 ms MarkObjects: 3.606700 ms  DeleteObjects: 0.206800 ms)

AssetImportParameters requested are different than current active one (requested -> active):
  custom:video-decoder-ogg-theora: a1e56fd34408186e4bbccfd4996cb3dc -> 
  custom:container-muxer-webm: aa71ff27fc2769a1b78a27578f13a17b -> 
  custom:container-demuxer-webm: 4f35f7cbe854078d1ac9338744f61a02 -> 
  custom:video-encoder-webm-vp8: eb34c28f22e8b96e1ab97ce403110664 -> 
  custom:audio-encoder-webm-vorbis: bf7c407c2cedff20999df2af8eb42d56 -> 
  custom:framework-win-MediaFoundation: 216162199b28c13a410421893ffa2e32 -> 
  custom:container-demuxer-ogg: 62fdf1f143b41e24485cea50d1cbac27 -> 
  custom:video-decoder-webm-vp8: 9c59270c3fd7afecdb556c50c9e8de78 -> 
  custom:audio-decoder-ogg-vorbis: bf7c407c2cedff20999df2af8eb42d56 -> 
Editor requested this worker to shutdown with reason: Scaling down because of idle timeout
AssetImportWorker is now disconnected from the server
Process exiting
Exiting without the bug reporter. Application will terminate with return code 0