Using pre-set license
Built from '2021.3/staging' branch; Version is '2021.3.11f1 (0a5ca18544bf) revision 679073'; Using compiler version '192829333'; Build Type 'Release'
OS: 'Windows 10  (10.0.19044) 64bit Education' Language: 'en' Physical Memory: 16334 MB
BatchMode: 1, IsHumanControllingUs: 0, StartBugReporterOnCrash: 0, Is64bit: 1, IsPro: 1

COMMAND LINE ARGUMENTS:
C:\Program Files\Unity\Hub\Editor\2021.3.11f1\Editor\Unity.exe
-adb2
-batchMode
-noUpm
-name
AssetImportWorker4
-projectPath
C:/Users/Aleksa/Desktop/Unity Projects/Rocket Game
-logFile
Logs/AssetImportWorker4.log
-srvPort
64710
Successfully changed project path to: C:/Users/Aleksa/Desktop/Unity Projects/Rocket Game
C:/Users/Aleksa/Desktop/Unity Projects/Rocket Game
[UnityMemory] Configuration Parameters - Can be set up in boot.config
    "memorysetup-bucket-allocator-granularity=16"
    "memorysetup-bucket-allocator-bucket-count=8"
    "memorysetup-bucket-allocator-block-size=33554432"
    "memorysetup-bucket-allocator-block-count=8"
    "memorysetup-main-allocator-block-size=16777216"
    "memorysetup-thread-allocator-block-size=16777216"
    "memorysetup-gfx-main-allocator-block-size=16777216"
    "memorysetup-gfx-thread-allocator-block-size=16777216"
    "memorysetup-cache-allocator-block-size=4194304"
    "memorysetup-typetree-allocator-block-size=2097152"
    "memorysetup-profiler-bucket-allocator-granularity=16"
    "memorysetup-profiler-bucket-allocator-bucket-count=8"
    "memorysetup-profiler-bucket-allocator-block-size=33554432"
    "memorysetup-profiler-bucket-allocator-block-count=8"
    "memorysetup-profiler-allocator-block-size=16777216"
    "memorysetup-profiler-editor-allocator-block-size=1048576"
    "memorysetup-temp-allocator-size-main=16777216"
    "memorysetup-job-temp-allocator-block-size=2097152"
    "memorysetup-job-temp-allocator-block-size-background=1048576"
    "memorysetup-job-temp-allocator-reduction-small-platforms=262144"
    "memorysetup-temp-allocator-size-background-worker=32768"
    "memorysetup-temp-allocator-size-job-worker=262144"
    "memorysetup-temp-allocator-size-preload-manager=33554432"
    "memorysetup-temp-allocator-size-nav-mesh-worker=65536"
    "memorysetup-temp-allocator-size-audio-worker=65536"
    "memorysetup-temp-allocator-size-cloud-worker=32768"
    "memorysetup-temp-allocator-size-gi-baking-worker=262144"
    "memorysetup-temp-allocator-size-gfx=262144"
Refreshing native plugins compatible for Editor in 98.42 ms, found 3 plugins.
Preloading 0 native plugins for Editor in 0.00 ms.
Initialize engine version: 2021.3.11f1 (0a5ca18544bf)
[Subsystems] Discovering subsystems at path C:/Program Files/Unity/Hub/Editor/2021.3.11f1/Editor/Data/Resources/UnitySubsystems
[Subsystems] Discovering subsystems at path C:/Users/Aleksa/Desktop/Unity Projects/Rocket Game/Assets
GfxDevice: creating device client; threaded=0; jobified=0
Direct3D:
    Version:  Direct3D 11.0 [level 11.1]
    Renderer: NVIDIA GeForce GTX 1050 Ti (ID=0x1c82)
    Vendor:   NVIDIA
    VRAM:     4018 MB
    Driver:   31.0.15.1694
Initialize mono
Mono path[0] = 'C:/Program Files/Unity/Hub/Editor/2021.3.11f1/Editor/Data/Managed'
Mono path[1] = 'C:/Program Files/Unity/Hub/Editor/2021.3.11f1/Editor/Data/MonoBleedingEdge/lib/mono/unityjit-win32'
Mono config path = 'C:/Program Files/Unity/Hub/Editor/2021.3.11f1/Editor/Data/MonoBleedingEdge/etc'
Using monoOptions --debugger-agent=transport=dt_socket,embedding=1,server=y,suspend=n,address=127.0.0.1:56508
Begin MonoManager ReloadAssembly
Registering precompiled unity dll's ...
Register platform support module: C:/Program Files/Unity/Hub/Editor/2021.3.11f1/Editor/Data/PlaybackEngines/WebGLSupport/UnityEditor.WebGL.Extensions.dll
Register platform support module: C:/Program Files/Unity/Hub/Editor/2021.3.11f1/Editor/Data/PlaybackEngines/MacStandaloneSupport/UnityEditor.OSXStandalone.Extensions.dll
Register platform support module: C:/Program Files/Unity/Hub/Editor/2021.3.11f1/Editor/Data/PlaybackEngines/AndroidPlayer/UnityEditor.Android.Extensions.dll
Register platform support module: C:/Program Files/Unity/Hub/Editor/2021.3.11f1/Editor/Data/PlaybackEngines/iOSSupport/UnityEditor.iOS.Extensions.dll
Register platform support module: C:/Program Files/Unity/Hub/Editor/2021.3.11f1/Editor/Data/PlaybackEngines/AppleTVSupport/UnityEditor.AppleTV.Extensions.dll
Register platform support module: C:/Program Files/Unity/Hub/Editor/2021.3.11f1/Editor/Data/PlaybackEngines/WindowsStandaloneSupport/UnityEditor.WindowsStandalone.Extensions.dll
Register platform support module: C:/Program Files/Unity/Hub/Editor/2021.3.11f1/Editor/Data/PlaybackEngines/LinuxStandaloneSupport/UnityEditor.LinuxStandalone.Extensions.dll
Register platform support module: C:/Program Files/Unity/Hub/Editor/2021.3.11f1/Editor/Data/PlaybackEngines/MetroSupport/UnityEditor.UWP.Extensions.dll
Registered in 0.015144 seconds.
Native extension for UWP target not found
Native extension for LinuxStandalone target not found
Native extension for WindowsStandalone target not found
[usbmuxd] Start listen thread
[usbmuxd] Listen thread started
[usbmuxd] Send listen message
Native extension for AppleTV target not found
[usbmuxd] Start listen thread
[usbmuxd] Listen thread started
[usbmuxd] Send listen message
Native extension for iOS target not found
Native extension for Android target not found
Native extension for OSXStandalone target not found
Native extension for WebGL target not found
Refreshing native plugins compatible for Editor in 102.11 ms, found 3 plugins.
Preloading 0 native plugins for Editor in 0.00 ms.
Mono: successfully reloaded assembly
- Completed reload, in  0.842 seconds
Domain Reload Profiling:
	ReloadAssembly (843ms)
		BeginReloadAssembly (88ms)
			ExecutionOrderSort (0ms)
			DisableScriptedObjects (0ms)
			BackupInstance (0ms)
			ReleaseScriptingObjects (0ms)
			CreateAndSetChildDomain (1ms)
		EndReloadAssembly (607ms)
			LoadAssemblies (87ms)
			RebuildTransferFunctionScriptingTraits (0ms)
			SetupTypeCache (131ms)
			ReleaseScriptCaches (0ms)
			RebuildScriptCaches (33ms)
			SetupLoadedEditorAssemblies (378ms)
				LogAssemblyErrors (0ms)
				InitializePlatformSupportModulesInManaged (102ms)
				SetLoadedEditorAssemblies (0ms)
				RefreshPlugins (102ms)
				BeforeProcessingInitializeOnLoad (2ms)
				ProcessInitializeOnLoadAttributes (117ms)
				ProcessInitializeOnLoadMethodAttributes (55ms)
				AfterProcessingInitializeOnLoad (0ms)
				EditorAssembliesLoaded (0ms)
			ExecutionOrderSort2 (0ms)
			AwakeInstancesAfterBackupRestoration (0ms)
Platform modules already initialized, skipping
Registering precompiled user dll's ...
Registered in 0.006720 seconds.
Begin MonoManager ReloadAssembly
Symbol file LoadedFromMemory doesn't match image C:\Users\Aleksa\Desktop\Unity Projects\Rocket Game\Library\PackageCache\com.unity.visualscripting@1.7.8\Editor\VisualScripting.Core\Dependencies\YamlDotNet\Unity.VisualScripting.YamlDotNet.dll
Symbol file LoadedFromMemory doesn't match image C:\Users\Aleksa\Desktop\Unity Projects\Rocket Game\Library\PackageCache\com.unity.visualscripting@1.7.8\Editor\VisualScripting.Core\Dependencies\DotNetZip\Unity.VisualScripting.IonicZip.dll
Native extension for UWP target not found
Native extension for LinuxStandalone target not found
Native extension for WindowsStandalone target not found
Native extension for AppleTV target not found
Native extension for iOS target not found
Native extension for Android target not found
Native extension for OSXStandalone target not found
Native extension for WebGL target not found
Refreshing native plugins compatible for Editor in 0.65 ms, found 3 plugins.
Preloading 0 native plugins for Editor in 0.00 ms.
Mono: successfully reloaded assembly
- Completed reload, in  1.468 seconds
Domain Reload Profiling:
	ReloadAssembly (1469ms)
		BeginReloadAssembly (235ms)
			ExecutionOrderSort (0ms)
			DisableScriptedObjects (9ms)
			BackupInstance (0ms)
			ReleaseScriptingObjects (0ms)
			CreateAndSetChildDomain (122ms)
		EndReloadAssembly (1087ms)
			LoadAssemblies (98ms)
			RebuildTransferFunctionScriptingTraits (0ms)
			SetupTypeCache (325ms)
			ReleaseScriptCaches (1ms)
			RebuildScriptCaches (71ms)
			SetupLoadedEditorAssemblies (537ms)
				LogAssemblyErrors (0ms)
				InitializePlatformSupportModulesInManaged (46ms)
				SetLoadedEditorAssemblies (1ms)
				RefreshPlugins (1ms)
				BeforeProcessingInitializeOnLoad (116ms)
				ProcessInitializeOnLoadAttributes (329ms)
				ProcessInitializeOnLoadMethodAttributes (35ms)
				AfterProcessingInitializeOnLoad (9ms)
				EditorAssembliesLoaded (0ms)
			ExecutionOrderSort2 (0ms)
			AwakeInstancesAfterBackupRestoration (7ms)
Platform modules already initialized, skipping
========================================================================
Worker process is ready to serve import requests
Launched and connected shader compiler UnityShaderCompiler.exe after 0.05 seconds
Refreshing native plugins compatible for Editor in 0.67 ms, found 3 plugins.
Preloading 0 native plugins for Editor in 0.00 ms.
Unloading 3543 Unused Serialized files (Serialized files now loaded: 0)
Unloading 40 unused Assets / (184.1 KB). Loaded Objects now: 4004.
Memory consumption went from 122.5 MB to 122.3 MB.
Total: 3.968100 ms (FindLiveObjects: 0.331600 ms CreateObjectMapping: 0.120000 ms MarkObjects: 3.378800 ms  DeleteObjects: 0.136500 ms)

AssetImportParameters requested are different than current active one (requested -> active):
  custom:video-decoder-ogg-theora: a1e56fd34408186e4bbccfd4996cb3dc -> 
  custom:container-muxer-webm: aa71ff27fc2769a1b78a27578f13a17b -> 
  custom:container-demuxer-webm: 4f35f7cbe854078d1ac9338744f61a02 -> 
  custom:video-encoder-webm-vp8: eb34c28f22e8b96e1ab97ce403110664 -> 
  custom:audio-encoder-webm-vorbis: bf7c407c2cedff20999df2af8eb42d56 -> 
  custom:framework-win-MediaFoundation: 216162199b28c13a410421893ffa2e32 -> 
  custom:container-demuxer-ogg: 62fdf1f143b41e24485cea50d1cbac27 -> 
  custom:video-decoder-webm-vp8: 9c59270c3fd7afecdb556c50c9e8de78 -> 
  custom:audio-decoder-ogg-vorbis: bf7c407c2cedff20999df2af8eb42d56 -> 
========================================================================
Received Import Request.
  Time since last request: 497400.170573 seconds.
  path: Assets/FX_Kandol_Pack/FX_effect_sprite_image01/FX_fire_effects_free/Textures
  artifactKey: Guid(302644cb7f96aee48bcd7c95980f62b3) Importer(815301076,1909f56bfc062723c751e8b465ee728b)
Start importing Assets/FX_Kandol_Pack/FX_effect_sprite_image01/FX_fire_effects_free/Textures using Guid(302644cb7f96aee48bcd7c95980f62b3) Importer(815301076,1909f56bfc062723c751e8b465ee728b)  -> (artifact id: 'ba929c9030ce42c7a124426eb84a705f') in 0.008706 seconds 
========================================================================
Received Import Request.
  Time since last request: 0.634399 seconds.
  path: Assets/FX_Kandol_Pack/FX_effect_sprite_image01/FX_fire_effects_free/Textures/fx_fire
  artifactKey: Guid(ba1cafe5d91d3c441bd6d469e35a288c) Importer(815301076,1909f56bfc062723c751e8b465ee728b)
Start importing Assets/FX_Kandol_Pack/FX_effect_sprite_image01/FX_fire_effects_free/Textures/fx_fire using Guid(ba1cafe5d91d3c441bd6d469e35a288c) Importer(815301076,1909f56bfc062723c751e8b465ee728b)  -> (artifact id: 'a15bf1a7e967baf5ae1e8575e2893862') in 0.002016 seconds 
========================================================================
Received Import Request.
  Time since last request: 0.046678 seconds.
  path: Assets/FX_Kandol_Pack/FX_effect_sprite_image01/FX_fire_effects_free/Textures/fx_fire/fx_fire_a.png
  artifactKey: Guid(a2c38a3eaf1687547b15df4bf53a98e3) Importer(815301076,1909f56bfc062723c751e8b465ee728b)
Start importing Assets/FX_Kandol_Pack/FX_effect_sprite_image01/FX_fire_effects_free/Textures/fx_fire/fx_fire_a.png using Guid(a2c38a3eaf1687547b15df4bf53a98e3) Importer(815301076,1909f56bfc062723c751e8b465ee728b)  -> (artifact id: '40e964dd78d663ee40d9607a709c4556') in 0.101366 seconds 
========================================================================
Received Import Request.
  Time since last request: 97.309002 seconds.
  path: Assets/FX_Kandol_Pack/FX_effect_sprite_image01/FX_fire_effects_free/Prefabs/fx_fire_a.prefab
  artifactKey: Guid(e1e6a88ec533ebd4bb02cc28a77b8ab4) Importer(815301076,1909f56bfc062723c751e8b465ee728b)
Start importing Assets/FX_Kandol_Pack/FX_effect_sprite_image01/FX_fire_effects_free/Prefabs/fx_fire_a.prefab using Guid(e1e6a88ec533ebd4bb02cc28a77b8ab4) Importer(815301076,1909f56bfc062723c751e8b465ee728b)  -> (artifact id: '0f0ad27ec11fddd2b1d2fa75fc7ebe30') in 0.088025 seconds 
========================================================================
Received Import Request.
  Time since last request: 5.749425 seconds.
  path: Assets/FX_Kandol_Pack/FX_effect_sprite_image01/FX_fire_effects_free/Scenes
  artifactKey: Guid(f5fa3d92ba937f34eb10f72f818b71e0) Importer(815301076,1909f56bfc062723c751e8b465ee728b)
Start importing Assets/FX_Kandol_Pack/FX_effect_sprite_image01/FX_fire_effects_free/Scenes using Guid(f5fa3d92ba937f34eb10f72f818b71e0) Importer(815301076,1909f56bfc062723c751e8b465ee728b)  -> (artifact id: 'cf7b823e27f1c7eacc1076bd7a779bc3') in 0.001879 seconds 
========================================================================
Received Import Request.
  Time since last request: 1.129379 seconds.
  path: Assets/FX_Kandol_Pack/FX_effect_sprite_image01/FX_fire_effects_free/Scenes/fx_fire_free.unity
  artifactKey: Guid(7b2534a127a1a3945b198c62fc4318ba) Importer(815301076,1909f56bfc062723c751e8b465ee728b)
Start importing Assets/FX_Kandol_Pack/FX_effect_sprite_image01/FX_fire_effects_free/Scenes/fx_fire_free.unity using Guid(7b2534a127a1a3945b198c62fc4318ba) Importer(815301076,1909f56bfc062723c751e8b465ee728b)  -> (artifact id: '3490bb1e4ec698fd2cbdff7bcc795484') in 0.002530 seconds 
========================================================================
Received Prepare
Registering precompiled user dll's ...
Registered in 0.006413 seconds.
Begin MonoManager ReloadAssembly
Symbol file LoadedFromMemory doesn't match image C:\Users\Aleksa\Desktop\Unity Projects\Rocket Game\Library\PackageCache\com.unity.visualscripting@1.7.8\Editor\VisualScripting.Core\Dependencies\YamlDotNet\Unity.VisualScripting.YamlDotNet.dll
Symbol file LoadedFromMemory doesn't match image C:\Users\Aleksa\Desktop\Unity Projects\Rocket Game\Library\PackageCache\com.unity.visualscripting@1.7.8\Editor\VisualScripting.Core\Dependencies\DotNetZip\Unity.VisualScripting.IonicZip.dll
Native extension for UWP target not found
Native extension for LinuxStandalone target not found
Native extension for WindowsStandalone target not found
Native extension for AppleTV target not found
Native extension for iOS target not found
Native extension for Android target not found
Native extension for OSXStandalone target not found
Native extension for WebGL target not found
Refreshing native plugins compatible for Editor in 0.66 ms, found 3 plugins.
Preloading 0 native plugins for Editor in 0.00 ms.
Mono: successfully reloaded assembly
- Completed reload, in  1.555 seconds
Domain Reload Profiling:
	ReloadAssembly (1556ms)
		BeginReloadAssembly (226ms)
			ExecutionOrderSort (0ms)
			DisableScriptedObjects (6ms)
			BackupInstance (0ms)
			ReleaseScriptingObjects (0ms)
			CreateAndSetChildDomain (73ms)
		EndReloadAssembly (1190ms)
			LoadAssemblies (140ms)
			RebuildTransferFunctionScriptingTraits (0ms)
			SetupTypeCache (379ms)
			ReleaseScriptCaches (2ms)
			RebuildScriptCaches (58ms)
			SetupLoadedEditorAssemblies (574ms)
				LogAssemblyErrors (0ms)
				InitializePlatformSupportModulesInManaged (64ms)
				SetLoadedEditorAssemblies (1ms)
				RefreshPlugins (1ms)
				BeforeProcessingInitializeOnLoad (110ms)
				ProcessInitializeOnLoadAttributes (344ms)
				ProcessInitializeOnLoadMethodAttributes (42ms)
				AfterProcessingInitializeOnLoad (13ms)
				EditorAssembliesLoaded (0ms)
			ExecutionOrderSort2 (0ms)
			AwakeInstancesAfterBackupRestoration (7ms)
Platform modules already initialized, skipping
Refreshing native plugins compatible for Editor in 2.87 ms, found 3 plugins.
Preloading 0 native plugins for Editor in 0.00 ms.
Unloading 3538 Unused Serialized files (Serialized files now loaded: 0)
Unloading 21 unused Assets / (150.5 KB). Loaded Objects now: 4029.
Memory consumption went from 126.7 MB to 126.5 MB.
Total: 4.745400 ms (FindLiveObjects: 0.377300 ms CreateObjectMapping: 0.121700 ms MarkObjects: 4.115200 ms  DeleteObjects: 0.129200 ms)

AssetImportParameters requested are different than current active one (requested -> active):
  custom:video-decoder-ogg-theora: a1e56fd34408186e4bbccfd4996cb3dc -> 
  custom:container-muxer-webm: aa71ff27fc2769a1b78a27578f13a17b -> 
  custom:container-demuxer-webm: 4f35f7cbe854078d1ac9338744f61a02 -> 
  custom:video-encoder-webm-vp8: eb34c28f22e8b96e1ab97ce403110664 -> 
  custom:audio-encoder-webm-vorbis: bf7c407c2cedff20999df2af8eb42d56 -> 
  custom:framework-win-MediaFoundation: 216162199b28c13a410421893ffa2e32 -> 
  custom:container-demuxer-ogg: 62fdf1f143b41e24485cea50d1cbac27 -> 
  custom:video-decoder-webm-vp8: 9c59270c3fd7afecdb556c50c9e8de78 -> 
  custom:audio-decoder-ogg-vorbis: bf7c407c2cedff20999df2af8eb42d56 -> 
========================================================================
Received Import Request.
  Time since last request: 20.964495 seconds.
  path: Assets/FX_Kandol_Pack/FX_effect_sprite_image01/FX_fire_effects_free/Textures/fx_fire/Materials/fx_fire_ball_b.mat
  artifactKey: Guid(e5522596df4dad24c9b05883e8fa50ec) Importer(815301076,1909f56bfc062723c751e8b465ee728b)
Start importing Assets/FX_Kandol_Pack/FX_effect_sprite_image01/FX_fire_effects_free/Textures/fx_fire/Materials/fx_fire_ball_b.mat using Guid(e5522596df4dad24c9b05883e8fa50ec) Importer(815301076,1909f56bfc062723c751e8b465ee728b)  -> (artifact id: 'd01c7e7bfca67ed9905bdc80b35ab348') in 0.102787 seconds 
========================================================================
Received Import Request.
  Time since last request: 11.536773 seconds.
  path: Assets/FX_Kandol_Pack/FX_effect_sprite_image01/FX_fire_effects_free/Textures/fx_fire/Materials/fx_fire_a.mat
  artifactKey: Guid(cb692e734bb8e334081dbc8e4527346c) Importer(815301076,1909f56bfc062723c751e8b465ee728b)
Start importing Assets/FX_Kandol_Pack/FX_effect_sprite_image01/FX_fire_effects_free/Textures/fx_fire/Materials/fx_fire_a.mat using Guid(cb692e734bb8e334081dbc8e4527346c) Importer(815301076,1909f56bfc062723c751e8b465ee728b)  -> (artifact id: '48d9a199b37e9a7cb8d6f7765d2a04f1') in 0.009961 seconds 
========================================================================
Received Import Request.
  Time since last request: 0.837908 seconds.
  path: Assets/FX_Kandol_Pack/FX_effect_sprite_image01/FX_fire_effects_free/Textures/fx_fire/Materials/fx_fire_ball_bb.mat
  artifactKey: Guid(916ab6ed32ac329459838499b95231ea) Importer(815301076,1909f56bfc062723c751e8b465ee728b)
Start importing Assets/FX_Kandol_Pack/FX_effect_sprite_image01/FX_fire_effects_free/Textures/fx_fire/Materials/fx_fire_ball_bb.mat using Guid(916ab6ed32ac329459838499b95231ea) Importer(815301076,1909f56bfc062723c751e8b465ee728b)  -> (artifact id: '001084927ebaa444d5b6e1412a19edba') in 0.009366 seconds 
========================================================================
Received Import Request.
  Time since last request: 1.212682 seconds.
  path: Assets/FX_Kandol_Pack/FX_effect_sprite_image01/FX_fire_effects_free/Textures/fx_fire/Materials/fx_fire_cartoon_a.mat
  artifactKey: Guid(8fb533a8b56a25d4a9cf8ce5a33f127b) Importer(815301076,1909f56bfc062723c751e8b465ee728b)
Start importing Assets/FX_Kandol_Pack/FX_effect_sprite_image01/FX_fire_effects_free/Textures/fx_fire/Materials/fx_fire_cartoon_a.mat using Guid(8fb533a8b56a25d4a9cf8ce5a33f127b) Importer(815301076,1909f56bfc062723c751e8b465ee728b)  -> (artifact id: '48a23bb16e2fcbcfebf3752d37eb7fdc') in 0.018010 seconds 
========================================================================
Received Import Request.
  Time since last request: 1.042692 seconds.
  path: Assets/FX_Kandol_Pack/FX_effect_sprite_image01/FX_fire_effects_free/Textures/fx_fire/Materials/fx_fire_g.mat
  artifactKey: Guid(8e736f4d9810c8d4a877326dc38c827d) Importer(815301076,1909f56bfc062723c751e8b465ee728b)
Start importing Assets/FX_Kandol_Pack/FX_effect_sprite_image01/FX_fire_effects_free/Textures/fx_fire/Materials/fx_fire_g.mat using Guid(8e736f4d9810c8d4a877326dc38c827d) Importer(815301076,1909f56bfc062723c751e8b465ee728b)  -> (artifact id: 'e2cee251b295df729ad0cf3a84948a0c') in 0.009431 seconds 
========================================================================
Received Import Request.
  Time since last request: 0.726362 seconds.
  path: Assets/FX_Kandol_Pack/FX_effect_sprite_image01/FX_fire_effects_free/Textures/fx_fire/Materials/fx_fire_ball_bbb.mat
  artifactKey: Guid(5c76afed25e9def46933b9d0be08e767) Importer(815301076,1909f56bfc062723c751e8b465ee728b)
Start importing Assets/FX_Kandol_Pack/FX_effect_sprite_image01/FX_fire_effects_free/Textures/fx_fire/Materials/fx_fire_ball_bbb.mat using Guid(5c76afed25e9def46933b9d0be08e767) Importer(815301076,1909f56bfc062723c751e8b465ee728b)  -> (artifact id: '50422d7c9f0871c79a9e3794f56a960f') in 0.010296 seconds 
========================================================================
Received Import Request.
  Time since last request: 36.778821 seconds.
  path: Assets/Particles/fx_fire_g Variant.prefab
  artifactKey: Guid(af5c9c6f73716e5469e6ea833e0c6a3c) Importer(815301076,1909f56bfc062723c751e8b465ee728b)
Start importing Assets/Particles/fx_fire_g Variant.prefab using Guid(af5c9c6f73716e5469e6ea833e0c6a3c) Importer(815301076,1909f56bfc062723c751e8b465ee728b)  -> (artifact id: 'd8b5491de261930a5cdaf468d7ba6eef') in 0.027970 seconds 
========================================================================
Received Import Request.
  Time since last request: 15.103125 seconds.
  path: Assets/Particles/Rocket Fire.prefab
  artifactKey: Guid(af5c9c6f73716e5469e6ea833e0c6a3c) Importer(815301076,1909f56bfc062723c751e8b465ee728b)
Start importing Assets/Particles/Rocket Fire.prefab using Guid(af5c9c6f73716e5469e6ea833e0c6a3c) Importer(815301076,1909f56bfc062723c751e8b465ee728b)  -> (artifact id: 'b731d0f7372589ac5523f04b080f988b') in 0.015637 seconds 
========================================================================
Received Import Request.
  Time since last request: 12.716479 seconds.
  path: Assets/Particles/fx_fire_ball_b Variant.prefab
  artifactKey: Guid(be00ec0052f921f46b50170428f58e72) Importer(815301076,1909f56bfc062723c751e8b465ee728b)
Start importing Assets/Particles/fx_fire_ball_b Variant.prefab using Guid(be00ec0052f921f46b50170428f58e72) Importer(815301076,1909f56bfc062723c751e8b465ee728b)  -> (artifact id: 'a737f6197d740d0540f8a9a9f2faf4c9') in 0.012554 seconds 
========================================================================
Received Import Request.
  Time since last request: 19.250648 seconds.
  path: Assets/Particles/Explosion.prefab
  artifactKey: Guid(be00ec0052f921f46b50170428f58e72) Importer(815301076,1909f56bfc062723c751e8b465ee728b)
Start importing Assets/Particles/Explosion.prefab using Guid(be00ec0052f921f46b50170428f58e72) Importer(815301076,1909f56bfc062723c751e8b465ee728b)  -> (artifact id: 'a1f67da2905aefe7db53a7a02875c0f4') in 0.011697 seconds 
========================================================================
Received Import Request.
  Time since last request: 45.988171 seconds.
  path: Assets/Prefabs/Launch Pad.prefab
  artifactKey: Guid(102e0186d801b7349b1f571911c5ee16) Importer(815301076,1909f56bfc062723c751e8b465ee728b)
Start importing Assets/Prefabs/Launch Pad.prefab using Guid(102e0186d801b7349b1f571911c5ee16) Importer(815301076,1909f56bfc062723c751e8b465ee728b)  -> (artifact id: 'eac800898cbe1a39fab6168773333e2d') in 0.028647 seconds 
========================================================================
Received Import Request.
  Time since last request: 116.530666 seconds.
  path: Assets/Hovl Studio
  artifactKey: Guid(66865fca33374b04d83506de8c8b9fe4) Importer(815301076,1909f56bfc062723c751e8b465ee728b)
Start importing Assets/Hovl Studio using Guid(66865fca33374b04d83506de8c8b9fe4) Importer(815301076,1909f56bfc062723c751e8b465ee728b)  -> (artifact id: '134d8f7e986801bbfbca03d293727244') in 0.001983 seconds 
========================================================================
Received Import Request.
  Time since last request: 0.954646 seconds.
  path: Assets/Hovl Studio/Procedural fire
  artifactKey: Guid(d78633e2543d0754db24239e662cb8a1) Importer(815301076,1909f56bfc062723c751e8b465ee728b)
Start importing Assets/Hovl Studio/Procedural fire using Guid(d78633e2543d0754db24239e662cb8a1) Importer(815301076,1909f56bfc062723c751e8b465ee728b)  -> (artifact id: '19a92fd7184bc049214c4946fa036f83') in 0.001992 seconds 
========================================================================
Received Import Request.
  Time since last request: 0.924829 seconds.
  path: Assets/Hovl Studio/Procedural fire/Prefabs
  artifactKey: Guid(6a69c24f54926f14cbc357dd8ae715a2) Importer(815301076,1909f56bfc062723c751e8b465ee728b)
Start importing Assets/Hovl Studio/Procedural fire/Prefabs using Guid(6a69c24f54926f14cbc357dd8ae715a2) Importer(815301076,1909f56bfc062723c751e8b465ee728b)  -> (artifact id: '121dceaceaa4c1534c7cca49aff2afb8') in 0.001613 seconds 
========================================================================
Received Import Request.
  Time since last request: 0.063972 seconds.
  path: Assets/Hovl Studio/Procedural fire/Prefabs/Explosion.prefab
  artifactKey: Guid(67a684e320da6e7439421a07e3fa265c) Importer(815301076,1909f56bfc062723c751e8b465ee728b)
Start importing Assets/Hovl Studio/Procedural fire/Prefabs/Explosion.prefab using Guid(67a684e320da6e7439421a07e3fa265c) Importer(815301076,1909f56bfc062723c751e8b465ee728b)  -> (artifact id: 'a4d8b34f6eb412d9d53c51aae224b788') in 0.164282 seconds 
========================================================================
Received Import Request.
  Time since last request: 0.000029 seconds.
  path: Assets/Hovl Studio/Procedural fire/Prefabs/Magic fire 3.prefab
  artifactKey: Guid(78e8b38d431ddef4fa2994a3f2d6e2ff) Importer(815301076,1909f56bfc062723c751e8b465ee728b)
Start importing Assets/Hovl Studio/Procedural fire/Prefabs/Magic fire 3.prefab using Guid(78e8b38d431ddef4fa2994a3f2d6e2ff) Importer(815301076,1909f56bfc062723c751e8b465ee728b)  -> (artifact id: 'fa80e5a80b8fa6ff0a3c035240e715e2') in 0.017129 seconds 
========================================================================
Received Import Request.
  Time since last request: 0.000042 seconds.
  path: Assets/Hovl Studio/Procedural fire/Prefabs/Magic fire pro yellow.prefab
  artifactKey: Guid(52d340ed9c2714c4f8aabf1f82df1b58) Importer(815301076,1909f56bfc062723c751e8b465ee728b)
Start importing Assets/Hovl Studio/Procedural fire/Prefabs/Magic fire pro yellow.prefab using Guid(52d340ed9c2714c4f8aabf1f82df1b58) Importer(815301076,1909f56bfc062723c751e8b465ee728b)  -> (artifact id: '85e66479c03ec1095ede1cca712512ca') in 0.019512 seconds 
========================================================================
Received Import Request.
  Time since last request: 0.000022 seconds.
  path: Assets/Hovl Studio/Procedural fire/Prefabs/RotatorPS2.prefab
  artifactKey: Guid(26255240385821a4185c7163c7a7aec6) Importer(815301076,1909f56bfc062723c751e8b465ee728b)
Start importing Assets/Hovl Studio/Procedural fire/Prefabs/RotatorPS2.prefab using Guid(26255240385821a4185c7163c7a7aec6) Importer(815301076,1909f56bfc062723c751e8b465ee728b)  -> (artifact id: '9617aa6c3e2c00f5a1702ff5d956182d') in 0.025900 seconds 
========================================================================
Received Import Request.
  Time since last request: 0.000028 seconds.
  path: Assets/Hovl Studio/Procedural fire/Prefabs/Magic fire 2.prefab
  artifactKey: Guid(529eb4216865eba419c1a4a68d0b0388) Importer(815301076,1909f56bfc062723c751e8b465ee728b)
Start importing Assets/Hovl Studio/Procedural fire/Prefabs/Magic fire 2.prefab using Guid(529eb4216865eba419c1a4a68d0b0388) Importer(815301076,1909f56bfc062723c751e8b465ee728b)  -> (artifact id: 'df2f5c79f8c7ddde3df1e02e934c377f') in 0.014735 seconds 
========================================================================
Received Import Request.
  Time since last request: 0.000024 seconds.
  path: Assets/Hovl Studio/Procedural fire/Prefabs/Magic fire 1.prefab
  artifactKey: Guid(25093a0593dc83043a7bc17ebba0e95d) Importer(815301076,1909f56bfc062723c751e8b465ee728b)
Start importing Assets/Hovl Studio/Procedural fire/Prefabs/Magic fire 1.prefab using Guid(25093a0593dc83043a7bc17ebba0e95d) Importer(815301076,1909f56bfc062723c751e8b465ee728b)  -> (artifact id: 'aeea81438ed15e1be8e6057f8d88cfaf') in 0.015812 seconds 
========================================================================
Received Import Request.
  Time since last request: 1.706700 seconds.
  path: Assets/Hovl Studio/Procedural fire/Materials/SparkSphere.mat
  artifactKey: Guid(20e729147a4dad247abfc2305c3dd963) Importer(815301076,1909f56bfc062723c751e8b465ee728b)
Start importing Assets/Hovl Studio/Procedural fire/Materials/SparkSphere.mat using Guid(20e729147a4dad247abfc2305c3dd963) Importer(815301076,1909f56bfc062723c751e8b465ee728b)  -> (artifact id: 'e991cb6f92dedd720a80cc001b8e2ffd') in 0.014612 seconds 
Editor requested this worker to shutdown with reason: Scaling down because of idle timeout
AssetImportWorker is now disconnected from the server
Process exiting
Exiting without the bug reporter. Application will terminate with return code 0